<?xml version="1.0" encoding="UTF-8"?>
<testsuite name="rsoi.lab2.controllers.RouteControllerTest" tests="7" skipped="0" failures="0" errors="0" timestamp="2018-11-19T11:19:48" hostname="andrey-Aspire-V3-572G" time="0.801">
  <properties/>
  <testcase name="getRoutesTest1" classname="rsoi.lab2.controllers.RouteControllerTest" time="0.461"/>
  <testcase name="getRoutesTest2" classname="rsoi.lab2.controllers.RouteControllerTest" time="0.031"/>
  <testcase name="pingTest" classname="rsoi.lab2.controllers.RouteControllerTest" time="0.004"/>
  <testcase name="addRouteTest" classname="rsoi.lab2.controllers.RouteControllerTest" time="0.182"/>
  <testcase name="getRouteTest" classname="rsoi.lab2.controllers.RouteControllerTest" time="0.029"/>
  <testcase name="deleteRouteTest" classname="rsoi.lab2.controllers.RouteControllerTest" time="0.021"/>
  <testcase name="editRouteTest" classname="rsoi.lab2.controllers.RouteControllerTest" time="0.044"/>
  <system-out><![CDATA[14:19:40.930 [Test worker] DEBUG org.springframework.test.context.junit4.SpringJUnit4ClassRunner - SpringJUnit4ClassRunner constructor called with [class rsoi.lab2.controllers.RouteControllerTest]
14:19:40.955 [Test worker] DEBUG org.springframework.test.context.BootstrapUtils - Instantiating CacheAwareContextLoaderDelegate from class [org.springframework.test.context.cache.DefaultCacheAwareContextLoaderDelegate]
14:19:40.982 [Test worker] DEBUG org.springframework.test.context.BootstrapUtils - Instantiating BootstrapContext using constructor [public org.springframework.test.context.support.DefaultBootstrapContext(java.lang.Class,org.springframework.test.context.CacheAwareContextLoaderDelegate)]
14:19:41.046 [Test worker] DEBUG org.springframework.test.context.BootstrapUtils - Instantiating TestContextBootstrapper for test class [rsoi.lab2.controllers.RouteControllerTest] from class [org.springframework.boot.test.autoconfigure.web.servlet.WebMvcTestContextBootstrapper]
14:19:41.099 [Test worker] INFO org.springframework.boot.test.autoconfigure.web.servlet.WebMvcTestContextBootstrapper - Neither @ContextConfiguration nor @ContextHierarchy found for test class [rsoi.lab2.controllers.RouteControllerTest], using SpringBootContextLoader
14:19:41.109 [Test worker] DEBUG org.springframework.test.context.support.AbstractContextLoader - Did not detect default resource location for test class [rsoi.lab2.controllers.RouteControllerTest]: class path resource [rsoi/lab2/controllers/RouteControllerTest-context.xml] does not exist
14:19:41.110 [Test worker] DEBUG org.springframework.test.context.support.AbstractContextLoader - Did not detect default resource location for test class [rsoi.lab2.controllers.RouteControllerTest]: class path resource [rsoi/lab2/controllers/RouteControllerTestContext.groovy] does not exist
14:19:41.110 [Test worker] INFO org.springframework.test.context.support.AbstractContextLoader - Could not detect default resource locations for test class [rsoi.lab2.controllers.RouteControllerTest]: no resource found for suffixes {-context.xml, Context.groovy}.
14:19:41.112 [Test worker] INFO org.springframework.test.context.support.AnnotationConfigContextLoaderUtils - Could not detect default configuration classes for test class [rsoi.lab2.controllers.RouteControllerTest]: RouteControllerTest does not declare any static, non-private, non-final, nested classes annotated with @Configuration.
14:19:41.321 [Test worker] DEBUG org.springframework.test.context.support.ActiveProfilesUtils - Could not find an 'annotation declaring class' for annotation type [org.springframework.test.context.ActiveProfiles] and class [rsoi.lab2.controllers.RouteControllerTest]
14:19:41.346 [Test worker] DEBUG org.springframework.core.env.StandardEnvironment - Adding PropertySource 'systemProperties' with lowest search precedence
14:19:41.347 [Test worker] DEBUG org.springframework.core.env.StandardEnvironment - Adding PropertySource 'systemEnvironment' with lowest search precedence
14:19:41.347 [Test worker] DEBUG org.springframework.core.env.StandardEnvironment - Initialized StandardEnvironment with PropertySources [MapPropertySource@544063846 {name='systemProperties', properties={java.runtime.name=Java(TM) SE Runtime Environment, sun.boot.library.path=/home/andrey/Программы/jdk1.8.0_181/jre/lib/amd64, java.vm.version=25.181-b13, java.vm.vendor=Oracle Corporation, java.vendor.url=http://java.oracle.com/, path.separator=:, java.vm.name=Java HotSpot(TM) 64-Bit Server VM, file.encoding.pkg=sun.io, sun.java.launcher=SUN_STANDARD, user.country=RU, sun.os.patch.level=unknown, java.vm.specification.name=Java Virtual Machine Specification, user.dir=/home/andrey/Рабочий стол/Projects/RSOI/lab2/backend/services/routeService, java.runtime.version=1.8.0_181-b13, java.awt.graphicsenv=sun.awt.X11GraphicsEnvironment, java.endorsed.dirs=/home/andrey/Программы/jdk1.8.0_181/jre/lib/endorsed, os.arch=amd64, java.io.tmpdir=/tmp, line.separator=
, java.vm.specification.vendor=Oracle Corporation, user.variant=, os.name=Linux, sun.jnu.encoding=UTF-8, java.library.path=/usr/java/packages/lib/amd64:/usr/lib64:/lib64:/lib:/usr/lib, java.specification.name=Java Platform API Specification, java.class.version=52.0, org.gradle.native=false, sun.management.compiler=HotSpot 64-Bit Tiered Compilers, os.version=4.15.0-20-generic, user.home=/home/andrey, user.timezone=Europe/Moscow, java.awt.printerjob=sun.print.PSPrinterJob, file.encoding=UTF-8, java.specification.version=1.8, java.class.path=/home/andrey/Рабочий стол/Projects/RSOI/lab2/backend/services/gateway/classes/java/test:/home/andrey/Рабочий стол/Projects/RSOI/lab2/backend/services/gateway/resources/test:/home/andrey/Рабочий стол/Projects/RSOI/lab2/backend/services/gateway/classes/java/main:/home/andrey/Рабочий стол/Projects/RSOI/lab2/backend/services/gateway/resources/main:/opt/gradle/gradle-4.10.2/caches/modules-2/files-2.1/org.springframework.boot/spring-boot-starter-web/2.0.5.RELEASE/52daa1f1509bd637a737206e54c06a17aabb9504/spring-boot-starter-web-2.0.5.RELEASE.jar:/opt/gradle/gradle-4.10.2/caches/modules-2/files-2.1/com.google.code.gson/gson/2.8.5/f645ed69d595b24d4cf8b3fbb64cc505bede8829/gson-2.8.5.jar:/opt/gradle/gradle-4.10.2/caches/modules-2/files-2.1/org.postgresql/postgresql/42.2.5/951b7eda125f3137538a94e2cbdcf744088ad4c2/postgresql-42.2.5.jar:/opt/gradle/gradle-4.10.2/caches/modules-2/files-2.1/org.jacoco/jacoco-maven-plugin/0.8.2/ac2b37043d7761aa9382ac0a461a3691e80bb866/jacoco-maven-plugin-0.8.2.jar:/opt/gradle/gradle-4.10.2/caches/modules-2/files-2.1/io.springfox/springfox-swagger2/2.9.2/362676bc7f4c6f9f1d568741becab0dfc198c898/springfox-swagger2-2.9.2.jar:/opt/gradle/gradle-4.10.2/caches/modules-2/files-2.1/io.springfox/springfox-swagger-ui/2.9.2/d542382a88ff3ea8d4032c28b2b0325797fada7d/springfox-swagger-ui-2.9.2.jar:/opt/gradle/gradle-4.10.2/caches/modules-2/files-2.1/org.springframework.boot/spring-boot-starter-data-jpa/2.0.5.RELEASE/c99b58e8ada11478aa5d0c3065745b7e887f094e/spring-boot-starter-data-jpa-2.0.5.RELEASE.jar:/opt/gradle/gradle-4.10.2/caches/modules-2/files-2.1/org.springframework.boot/spring-boot-starter-test/2.0.5.RELEASE/ab04ca2e76f6a8e786001352a81a10e4b0e7fbc8/spring-boot-starter-test-2.0.5.RELEASE.jar:/opt/gradle/gradle-4.10.2/caches/modules-2/files-2.1/org.springframework.restdocs/spring-restdocs-mockmvc/2.0.2.RELEASE/dcf11bb929c5cb9aa9194935c6db9f779e1e4e1d/spring-restdocs-mockmvc-2.0.2.RELEASE.jar:/opt/gradle/gradle-4.10.2/caches/modules-2/files-2.1/org.springframework.boot/spring-boot-starter-json/2.0.5.RELEASE/d0052ded4733ceb1fb7d927238f22f9a92099227/spring-boot-starter-json-2.0.5.RELEASE.jar:/opt/gradle/gradle-4.10.2/caches/modules-2/files-2.1/org.springframework.boot/spring-boot-starter-aop/2.0.5.RELEASE/6bc1e8bcc849772d48cae1e8278cd2b471361698/spring-boot-starter-aop-2.0.5.RELEASE.jar:/opt/gradle/gradle-4.10.2/caches/modules-2/files-2.1/org.springframework.boot/spring-boot-starter-jdbc/2.0.5.RELEASE/9a5370acc7c5e17f4a00578211fbbd212b9a8329/spring-boot-starter-jdbc-2.0.5.RELEASE.jar:/opt/gradle/gradle-4.10.2/caches/modules-2/files-2.1/org.springframework.boot/spring-boot-starter/2.0.5.RELEASE/1f53487a373be18d064a5815e9bac9882ef15cdc/spring-boot-starter-2.0.5.RELEASE.jar:/opt/gradle/gradle-4.10.2/caches/modules-2/files-2.1/org.springframework.boot/spring-boot-starter-tomcat/2.0.5.RELEASE/eaac8a5d73b45400bc88cd7f6b5c99b5f0d5e9b7/spring-boot-starter-tomcat-2.0.5.RELEASE.jar:/opt/gradle/gradle-4.10.2/caches/modules-2/files-2.1/org.hibernate.validator/hibernate-validator/6.0.12.Final/478003e61b056c1f97840ba3e62ff31cdc89597/hibernate-validator-6.0.12.Final.jar:/opt/gradle/gradle-4.10.2/caches/modules-2/files-2.1/org.springframework/spring-webmvc/5.0.9.RELEASE/c18346caaeb8dc648c4cc01874996fd9fef76664/spring-webmvc-5.0.9.RELEASE.jar:/opt/gradle/gradle-4.10.2/caches/modules-2/files-2.1/org.springframework.restdocs/spring-restdocs-core/2.0.2.RELEASE/4ef4f92f64fc761e6f6dddfca3e81db58e003b2c/spring-restdocs-core-2.0.2.RELEASE.jar:/opt/gradle/gradle-4.10.2/caches/modules-2/files-2.1/org.springframework/spring-web/5.0.9.RELEASE/1ea3aab93340849313fa74ec626ddaf1fff9ed8e/spring-web-5.0.9.RELEASE.jar:/opt/gradle/gradle-4.10.2/caches/modules-2/files-2.1/org.apache.maven.shared/file-management/1.2.1/8f98bcaa7fd3625a172fd3de10bba8c32b9820ea/file-management-1.2.1.jar:/opt/gradle/gradle-4.10.2/caches/modules-2/files-2.1/org.apache.maven.reporting/maven-reporting-impl/2.1/898da3a82a8dee7ce1d8a6e1d24efcc52ba28383/maven-reporting-impl-2.1.jar:/opt/gradle/gradle-4.10.2/caches/modules-2/files-2.1/org.apache.maven/maven-plugin-api/2.0.10/c1c87b70aff0559c8a40b9ceaa80c92f96cb1dfa/maven-plugin-api-2.0.10.jar:/opt/gradle/gradle-4.10.2/caches/modules-2/files-2.1/org.apache.maven/maven-project/2.0.10/c82f208e8997fc639279dc4b76d50a1317b2a9f1/maven-project-2.0.10.jar:/opt/gradle/gradle-4.10.2/caches/modules-2/files-2.1/org.apache.maven.shared/maven-shared-io/1.1/2e1d57be05ecac7dbe56a3c73b113e98f22240f/maven-shared-io-1.1.jar:/opt/gradle/gradle-4.10.2/caches/modules-2/files-2.1/org.apache.maven.doxia/doxia-site-renderer/1.1.2/3b089bbe153468845e6caabd35c2a8b879939ee4/doxia-site-renderer-1.1.2.jar:/opt/gradle/gradle-4.10.2/caches/modules-2/files-2.1/org.apache.maven.doxia/doxia-module-xhtml/1.1.2/11566856aa0bd7780842de4be791d583df8ad8bf/doxia-module-xhtml-1.1.2.jar:/opt/gradle/gradle-4.10.2/caches/modules-2/files-2.1/org.apache.maven.doxia/doxia-module-fml/1.1.2/923531d55433db173b9479cd7af7ef5c2ee023da/doxia-module-fml-1.1.2.jar:/opt/gradle/gradle-4.10.2/caches/modules-2/files-2.1/org.apache.maven.doxia/doxia-core/1.1.2/30b5f95ed31d612ad3c64af82904f82e6d4ab29c/doxia-core-1.1.2.jar:/opt/gradle/gradle-4.10.2/caches/modules-2/files-2.1/org.apache.maven/maven-artifact-manager/2.0.10/670035eeb46e12291ab5b9e27144c7e746d2a9ca/maven-artifact-manager-2.0.10.jar:/opt/gradle/gradle-4.10.2/caches/modules-2/files-2.1/org.apache.maven/maven-artifact/2.0.10/1dc61c80db78a5b4df8e347cf91848fc50ddad95/maven-artifact-2.0.10.jar:/opt/gradle/gradle-4.10.2/caches/modules-2/files-2.1/org.apache.maven/maven-settings/2.0.10/f092b75e2846e92880753ff60e5633554c308743/maven-settings-2.0.10.jar:/opt/gradle/gradle-4.10.2/caches/modules-2/files-2.1/org.apache.maven/maven-profile/2.0.10/351665e7af93b60a7ae9c7498d1e6d015ff6ac53/maven-profile-2.0.10.jar:/opt/gradle/gradle-4.10.2/caches/modules-2/files-2.1/org.apache.maven/maven-model/2.0.10/7a74c9a07cfb175605604010710a30fdca575f57/maven-model-2.0.10.jar:/opt/gradle/gradle-4.10.2/caches/modules-2/files-2.1/org.apache.maven/maven-plugin-registry/2.0.10/d5da46ecb3da41696471510223af256143bc0936/maven-plugin-registry-2.0.10.jar:/opt/gradle/gradle-4.10.2/caches/modules-2/files-2.1/org.apache.maven.reporting/maven-reporting-api/3.0/b2541dd07d08cd5eff9bd4554a2ad6a4198e2dfe/maven-reporting-api-3.0.jar:/opt/gradle/gradle-4.10.2/caches/modules-2/files-2.1/org.apache.maven.doxia/doxia-sink-api/1.1.2/b61a336b321ca6b1857f59f9fd09fae8c0354fec/doxia-sink-api-1.1.2.jar:/opt/gradle/gradle-4.10.2/caches/modules-2/files-2.1/org.apache.maven.doxia/doxia-logging-api/1.1.2/13b7385b902c62e0bf7d81b57115c09de92c7dfd/doxia-logging-api-1.1.2.jar:/opt/gradle/gradle-4.10.2/caches/modules-2/files-2.1/org.codehaus.plexus/plexus-velocity/1.1.7/1440fc2552d1405b1c2d380ef3b96c4d9c6dbd0b/plexus-velocity-1.1.7.jar:/opt/gradle/gradle-4.10.2/caches/modules-2/files-2.1/org.codehaus.plexus/plexus-container-default/1.0-alpha-30/669d4ba8e898e37987eb5e30b121ed1d62c5b7b8/plexus-container-default-1.0-alpha-30.jar:/opt/gradle/gradle-4.10.2/caches/modules-2/files-2.1/org.apache.maven.doxia/doxia-decoration-model/1.1.2/172cda539c83280c3f7a60022337f454e98c029d/doxia-decoration-model-1.1.2.jar:/opt/gradle/gradle-4.10.2/caches/modules-2/files-2.1/org.codehaus.plexus/plexus-i18n/1.0-beta-7/3690f10a668b3c7ac2ef563f14cfb6b2ba30ee57/plexus-i18n-1.0-beta-7.jar:/opt/gradle/gradle-4.10.2/caches/modules-2/files-2.1/org.apache.maven.wagon/wagon-provider-api/1.0-beta-2/abd1c9ace6e87c94a4b91f5176aeb09d954b23a3/wagon-provider-api-1.0-beta-2.jar:/opt/gradle/gradle-4.10.2/caches/modules-2/files-2.1/org.apache.maven/maven-repository-metadata/2.0.10/d7c3d497c7f3fe9df2746dbf3ac43acc044a5019/maven-repository-metadata-2.0.10.jar:/opt/gradle/gradle-4.10.2/caches/modules-2/files-2.1/org.codehaus.plexus/plexus-utils/3.0.22/764f26e0ab13a87c48fe55f525dfb6a133b7a92f/plexus-utils-3.0.22.jar:/opt/gradle/gradle-4.10.2/caches/modules-2/files-2.1/org.jacoco/org.jacoco.agent/0.8.2/4806883004063feb978b8811f00d5ea2138750bb/org.jacoco.agent-0.8.2-runtime.jar:/opt/gradle/gradle-4.10.2/caches/modules-2/files-2.1/org.jacoco/org.jacoco.report/0.8.2/50e133cdfd2d31ca5702b73615be70f801d3ae26/org.jacoco.report-0.8.2.jar:/opt/gradle/gradle-4.10.2/caches/modules-2/files-2.1/org.jacoco/org.jacoco.core/0.8.2/977b33afe2344a9ee801fd3317c54d8e1f9d7a79/org.jacoco.core-0.8.2.jar:/opt/gradle/gradle-4.10.2/caches/modules-2/files-2.1/io.springfox/springfox-swagger-common/2.9.2/b38a41b3044af80cb7f41f67be5d158c9f6491ec/springfox-swagger-common-2.9.2.jar:/opt/gradle/gradle-4.10.2/caches/modules-2/files-2.1/io.swagger/swagger-models/1.5.20/fb3a23bad80c5ed84db9dd150db2cba699531458/swagger-models-1.5.20.jar:/opt/gradle/gradle-4.10.2/caches/modules-2/files-2.1/io.swagger/swagger-annotations/1.5.20/16051f93ce11ca489a5313775d825f82fcc2cd6c/swagger-annotations-1.5.20.jar:/opt/gradle/gradle-4.10.2/caches/modules-2/files-2.1/io.springfox/springfox-schema/2.9.2/e268f38774b16bb51a92ccaef0dcf3dc651c0cee/springfox-schema-2.9.2.jar:/opt/gradle/gradle-4.10.2/caches/modules-2/files-2.1/io.springfox/springfox-spring-web/2.9.2/ed2ed714a6cba8804d00f80f0534901e4c7a3211/springfox-spring-web-2.9.2.jar:/opt/gradle/gradle-4.10.2/caches/modules-2/files-2.1/io.springfox/springfox-spi/2.9.2/6ac686190a6ceaccdae8b50d03b0501d144a6666/springfox-spi-2.9.2.jar:/opt/gradle/gradle-4.10.2/caches/modules-2/files-2.1/io.springfox/springfox-core/2.9.2/2e26f58939c594fb5c958c3a1c7bedf83d2f2702/springfox-core-2.9.2.jar:/opt/gradle/gradle-4.10.2/caches/modules-2/files-2.1/com.google.guava/guava/20.0/89507701249388e1ed5ddcf8c41f4ce1be7831ef/guava-20.0.jar:/opt/gradle/gradle-4.10.2/caches/modules-2/files-2.1/org.hibernate/hibernate-core/5.2.17.Final/f2dc36470e7a2ffcf6106bb1625ecf5b54bb5f65/hibernate-core-5.2.17.Final.jar:/opt/gradle/gradle-4.10.2/caches/modules-2/files-2.1/com.fasterxml/classmate/1.3.4/3d5f48f10bbe4eb7bd862f10c0583be2e0053c6/classmate-1.3.4.jar:/opt/gradle/gradle-4.10.2/caches/modules-2/files-2.1/org.springframework.plugin/spring-plugin-metadata/1.2.0.RELEASE/97223fc496b6cab31602eedbd4202aa4fff0d44f/spring-plugin-metadata-1.2.0.RELEASE.jar:/opt/gradle/gradle-4.10.2/caches/modules-2/files-2.1/org.springframework.plugin/spring-plugin-core/1.2.0.RELEASE/f380e7760032e7d929184f8ad8a33716b75c0657/spring-plugin-core-1.2.0.RELEASE.jar:/opt/gradle/gradle-4.10.2/caches/modules-2/files-2.1/org.springframework.data/spring-data-jpa/2.0.10.RELEASE/a6e644c363d050c6c90f078f4f0ac66892f60d54/spring-data-jpa-2.0.10.RELEASE.jar:/opt/gradle/gradle-4.10.2/caches/modules-2/files-2.1/com.jayway.jsonpath/json-path/2.4.0/765a4401ceb2dc8d40553c2075eb80a8fa35c2ae/json-path-2.4.0.jar:/opt/gradle/gradle-4.10.2/caches/modules-2/files-2.1/com.zaxxer/HikariCP/2.7.9/a83113d2c091d0d0f853dad3217bd7df3beb6ae3/HikariCP-2.7.9.jar:/opt/gradle/gradle-4.10.2/caches/modules-2/files-2.1/org.springframework.data/spring-data-commons/2.0.10.RELEASE/64d4e58a2b16b9446d51a2650058d821a5bce98d/spring-data-commons-2.0.10.RELEASE.jar:/opt/gradle/gradle-4.10.2/caches/modules-2/files-2.1/org.springframework.boot/spring-boot-starter-logging/2.0.5.RELEASE/c353e0b9591d0765c687ff0a678478cbebfd5c23/spring-boot-starter-logging-2.0.5.RELEASE.jar:/opt/gradle/gradle-4.10.2/caches/modules-2/files-2.1/ch.qos.logback/logback-classic/1.2.3/7c4f3c474fb2c041d8028740440937705ebb473a/logback-classic-1.2.3.jar:/opt/gradle/gradle-4.10.2/caches/modules-2/files-2.1/org.apache.logging.log4j/log4j-to-slf4j/2.10.0/f7e631ccf49cfc0aefa4a2a728da7d374c05bd3c/log4j-to-slf4j-2.10.0.jar:/opt/gradle/gradle-4.10.2/caches/modules-2/files-2.1/org.slf4j/jul-to-slf4j/1.7.25/af5364cd6679bfffb114f0dec8a157aaa283b76/jul-to-slf4j-1.7.25.jar:/opt/gradle/gradle-4.10.2/caches/modules-2/files-2.1/org.slf4j/slf4j-api/1.7.25/da76ca59f6a57ee3102f8f9bd9cee742973efa8a/slf4j-api-1.7.25.jar:/opt/gradle/gradle-4.10.2/caches/modules-2/files-2.1/org.mapstruct/mapstruct/1.2.0.Final/8609d6eb044e9f6c73cb24c8f2f4ed5c72a249c7/mapstruct-1.2.0.Final.jar:/opt/gradle/gradle-4.10.2/caches/modules-2/files-2.1/javax.transaction/javax.transaction-api/1.2/d81aff979d603edd90dcd8db2abc1f4ce6479e3e/javax.transaction-api-1.2.jar:/opt/gradle/gradle-4.10.2/caches/modules-2/files-2.1/org.springframework/spring-aspects/5.0.9.RELEASE/dfb2da4c573391d8e8a482f08bdf4d38398e2bb0/spring-aspects-5.0.9.RELEASE.jar:/opt/gradle/gradle-4.10.2/caches/modules-2/files-2.1/org.springframework.boot/spring-boot-test-autoconfigure/2.0.5.RELEASE/54d5e8f9e88c6236fe164474f0aed5a8a1052c43/spring-boot-test-autoconfigure-2.0.5.RELEASE.jar:/opt/gradle/gradle-4.10.2/caches/modules-2/files-2.1/org.springframework.boot/spring-boot-test/2.0.5.RELEASE/ce6353f33217982357a6bdba6576015ea333304c/spring-boot-test-2.0.5.RELEASE.jar:/opt/gradle/gradle-4.10.2/caches/modules-2/files-2.1/org.codehaus.plexus/plexus-classworlds/1.2-alpha-9/a927f9212093cb8fde7de0a5aa40ea4f5678215f/plexus-classworlds-1.2-alpha-9.jar:/opt/gradle/gradle-4.10.2/caches/modules-2/files-2.1/junit/junit/4.12/2973d150c0dc1fefe998f834810d68f278ea58ec/junit-4.12.jar:/opt/gradle/gradle-4.10.2/caches/modules-2/files-2.1/org.assertj/assertj-core/3.9.1/c5ce126b15f28d56cd8f960c1a6a058b9c9aea87/assertj-core-3.9.1.jar:/opt/gradle/gradle-4.10.2/caches/modules-2/files-2.1/org.mockito/mockito-core/2.15.0/b84bfbbc29cd22c9529409627af6ea2897f4fa85/mockito-core-2.15.0.jar:/opt/gradle/gradle-4.10.2/caches/modules-2/files-2.1/org.hamcrest/hamcrest-library/1.3/4785a3c21320980282f9f33d0d1264a69040538f/hamcrest-library-1.3.jar:/opt/gradle/gradle-4.10.2/caches/modules-2/files-2.1/org.hamcrest/hamcrest-core/1.3/42a25dc3219429f0e5d060061f71acb49bf010a0/hamcrest-core-1.3.jar:/opt/gradle/gradle-4.10.2/caches/modules-2/files-2.1/org.skyscreamer/jsonassert/1.5.0/6c9d5fe2f59da598d9aefc1cfc6528ff3cf32df3/jsonassert-1.5.0.jar:/opt/gradle/gradle-4.10.2/caches/modules-2/files-2.1/org.springframework/spring-test/5.0.9.RELEASE/218c8648f898453be92d550252e0ce2a84b54375/spring-test-5.0.9.RELEASE.jar:/opt/gradle/gradle-4.10.2/caches/modules-2/files-2.1/org.springframework.boot/spring-boot-autoconfigure/2.0.5.RELEASE/e5588642799e0c0c04638e255c3d3f31ba400ff4/spring-boot-autoconfigure-2.0.5.RELEASE.jar:/opt/gradle/gradle-4.10.2/caches/modules-2/files-2.1/org.springframework.boot/spring-boot/2.0.5.RELEASE/19a4624cbd89a318d10c79f289c6c816043850fb/spring-boot-2.0.5.RELEASE.jar:/opt/gradle/gradle-4.10.2/caches/modules-2/files-2.1/org.springframework/spring-context/5.0.9.RELEASE/2501e55acb6c2e84667cda3f845d1d00a0dc4e05/spring-context-5.0.9.RELEASE.jar:/opt/gradle/gradle-4.10.2/caches/modules-2/files-2.1/org.springframework/spring-aop/5.0.9.RELEASE/98003b099697fe46b6bdf18c7e3f66d7a1381060/spring-aop-5.0.9.RELEASE.jar:/opt/gradle/gradle-4.10.2/caches/modules-2/files-2.1/org.springframework/spring-orm/5.0.9.RELEASE/bb9265effd7c903f4cc1c98d16b4188b7827a1cc/spring-orm-5.0.9.RELEASE.jar:/opt/gradle/gradle-4.10.2/caches/modules-2/files-2.1/org.springframework/spring-jdbc/5.0.9.RELEASE/2f38726ef2f5ecb72af7e915dac43177b01a8f53/spring-jdbc-5.0.9.RELEASE.jar:/opt/gradle/gradle-4.10.2/caches/modules-2/files-2.1/org.springframework/spring-tx/5.0.9.RELEASE/d3a13fc3c56bdddd8144a686ed64f0cdb3ad7305/spring-tx-5.0.9.RELEASE.jar:/opt/gradle/gradle-4.10.2/caches/modules-2/files-2.1/org.springframework/spring-beans/5.0.9.RELEASE/65f56fdab1bb90ad059e314d2f2f4cf76f9bdbde/spring-beans-5.0.9.RELEASE.jar:/opt/gradle/gradle-4.10.2/caches/modules-2/files-2.1/org.springframework/spring-expression/5.0.9.RELEASE/1f9db5ff3a758102c0434cc3457aa47c50c39a4a/spring-expression-5.0.9.RELEASE.jar:/opt/gradle/gradle-4.10.2/caches/modules-2/files-2.1/org.springframework/spring-core/5.0.9.RELEASE/9f9a828936d81afd49a603bda9cc1aed863a0d85/spring-core-5.0.9.RELEASE.jar:/opt/gradle/gradle-4.10.2/caches/modules-2/files-2.1/org.xmlunit/xmlunit-core/2.5.1/4ffdb346572a7356f7521cd3119ce5287d2e339d/xmlunit-core-2.5.1.jar:/opt/gradle/gradle-4.10.2/caches/modules-2/files-2.1/javax.servlet/javax.servlet-api/3.1.0/3cd63d075497751784b2fa84be59432f4905bf7c/javax.servlet-api-3.1.0.jar:/opt/gradle/gradle-4.10.2/caches/modules-2/files-2.1/javax.annotation/javax.annotation-api/1.3.2/934c04d3cfef185a8008e7bf34331b79730a9d43/javax.annotation-api-1.3.2.jar:/opt/gradle/gradle-4.10.2/caches/modules-2/files-2.1/org.yaml/snakeyaml/1.19/2d998d3d674b172a588e54ab619854d073f555b5/snakeyaml-1.19.jar:/opt/gradle/gradle-4.10.2/caches/modules-2/files-2.1/com.fasterxml.jackson.datatype/jackson-datatype-jdk8/2.9.6/456895fc91bf7180b216fead220373e6278230c9/jackson-datatype-jdk8-2.9.6.jar:/opt/gradle/gradle-4.10.2/caches/modules-2/files-2.1/com.fasterxml.jackson.datatype/jackson-datatype-jsr310/2.9.6/ea54f6193d224e5e5732bbd4262327eb465397c2/jackson-datatype-jsr310-2.9.6.jar:/opt/gradle/gradle-4.10.2/caches/modules-2/files-2.1/com.fasterxml.jackson.module/jackson-module-parameter-names/2.9.6/129acd77a4b6ee30d62d3a0899b1344c8ec2bff8/jackson-module-parameter-names-2.9.6.jar:/opt/gradle/gradle-4.10.2/caches/modules-2/files-2.1/com.fasterxml.jackson.core/jackson-databind/2.9.6/cfa4f316351a91bfd95cb0644c6a2c95f52db1fc/jackson-databind-2.9.6.jar:/opt/gradle/gradle-4.10.2/caches/modules-2/files-2.1/org.apache.tomcat.embed/tomcat-embed-websocket/8.5.34/5f86906367c2540b21e6aeecc277d2ce9ec939b0/tomcat-embed-websocket-8.5.34.jar:/opt/gradle/gradle-4.10.2/caches/modules-2/files-2.1/org.apache.tomcat.embed/tomcat-embed-core/8.5.34/a038040d68a90397f95dd1e11b979fe364a5000f/tomcat-embed-core-8.5.34.jar:/opt/gradle/gradle-4.10.2/caches/modules-2/files-2.1/org.apache.tomcat.embed/tomcat-embed-el/8.5.34/be71a9a5bdd001db7cf97c47429eec0bdd3b7b88/tomcat-embed-el-8.5.34.jar:/opt/gradle/gradle-4.10.2/caches/modules-2/files-2.1/javax.validation/validation-api/2.0.1.Final/cb855558e6271b1b32e716d24cb85c7f583ce09e/validation-api-2.0.1.Final.jar:/opt/gradle/gradle-4.10.2/caches/modules-2/files-2.1/org.hibernate.common/hibernate-commons-annotations/5.0.1.Final/71e1cff3fcb20d3b3af4f3363c3ddb24d33c6879/hibernate-commons-annotations-5.0.1.Final.jar:/opt/gradle/gradle-4.10.2/caches/modules-2/files-2.1/org.jboss.logging/jboss-logging/3.3.2.Final/3789d00e859632e6c6206adc0c71625559e6e3b0/jboss-logging-3.3.2.Final.jar:/opt/gradle/gradle-4.10.2/caches/modules-2/files-2.1/commons-validator/commons-validator/1.2.0/13dcebc00d206605bea72f6191b80370eb3ca805/commons-validator-1.2.0.jar:/opt/gradle/gradle-4.10.2/caches/modules-2/files-2.1/org.ow2.asm/asm-commons/6.2.1/eaf31376d741a3e2017248a4c759209fe25c77d3/asm-commons-6.2.1.jar:/opt/gradle/gradle-4.10.2/caches/modules-2/files-2.1/org.ow2.asm/asm-analysis/6.2.1/e8b876c5ccf226cae2f44ed2c436ad3407d0ec1d/asm-analysis-6.2.1.jar:/opt/gradle/gradle-4.10.2/caches/modules-2/files-2.1/org.ow2.asm/asm-tree/6.2.1/332b022092ecec53cdb6272dc436884b2d940615/asm-tree-6.2.1.jar:/opt/gradle/gradle-4.10.2/caches/modules-2/files-2.1/net.minidev/json-smart/2.3/7396407491352ce4fa30de92efb158adb76b5b/json-smart-2.3.jar:/opt/gradle/gradle-4.10.2/caches/modules-2/files-2.1/net.minidev/accessors-smart/1.2/c592b500269bfde36096641b01238a8350f8aa31/accessors-smart-1.2.jar:/opt/gradle/gradle-4.10.2/caches/modules-2/files-2.1/org.ow2.asm/asm/6.2.1/c01b6798f81b0fc2c5faa70cbe468c275d4b50c7/asm-6.2.1.jar:/opt/gradle/gradle-4.10.2/caches/modules-2/files-2.1/com.fasterxml.jackson.core/jackson-annotations/2.9.0/7c10d545325e3a6e72e06381afe469fd40eb701/jackson-annotations-2.9.0.jar:/opt/gradle/gradle-4.10.2/caches/modules-2/files-2.1/org.aspectj/aspectjweaver/1.8.13/ad94df2a28d658a40dc27bbaff6a1ce5fbf04e9b/aspectjweaver-1.8.13.jar:/opt/gradle/gradle-4.10.2/caches/modules-2/files-2.1/org.hibernate.javax.persistence/hibernate-jpa-2.1-api/1.0.2.Final/52afb5762c704a6b586e27742470c08f91877fc1/hibernate-jpa-2.1-api-1.0.2.Final.jar:/opt/gradle/gradle-4.10.2/caches/modules-2/files-2.1/org.javassist/javassist/3.22.0-GA/3e83394258ae2089be7219b971ec21a8288528ad/javassist-3.22.0-GA.jar:/opt/gradle/gradle-4.10.2/caches/modules-2/files-2.1/antlr/antlr/2.7.7/83cd2cd674a217ade95a4bb83a8a14f351f48bd0/antlr-2.7.7.jar:/opt/gradle/gradle-4.10.2/caches/modules-2/files-2.1/org.jboss/jandex/2.0.3.Final/bfc4d6257dbff7a33a357f0de116be6ff951d849/jandex-2.0.3.Final.jar:/opt/gradle/gradle-4.10.2/caches/modules-2/files-2.1/dom4j/dom4j/1.6.1/5d3ccc056b6f056dbf0dddfdf43894b9065a8f94/dom4j-1.6.1.jar:/opt/gradle/gradle-4.10.2/caches/modules-2/files-2.1/net.bytebuddy/byte-buddy/1.7.11/f02857a4e2c66ccbe7aaad6100a0a6c461bce9b3/byte-buddy-1.7.11.jar:/opt/gradle/gradle-4.10.2/caches/modules-2/files-2.1/net.bytebuddy/byte-buddy-agent/1.7.11/b425a8933ca07edd03c6dbc8bc3b595fba9780de/byte-buddy-agent-1.7.11.jar:/opt/gradle/gradle-4.10.2/caches/modules-2/files-2.1/org.objenesis/objenesis/2.6/639033469776fd37c08358c6b92a4761feb2af4b/objenesis-2.6.jar:/opt/gradle/gradle-4.10.2/caches/modules-2/files-2.1/com.vaadin.external.google/android-json/0.0.20131108.vaadin1/fa26d351fe62a6a17f5cda1287c1c6110dec413f/android-json-0.0.20131108.vaadin1.jar:/opt/gradle/gradle-4.10.2/caches/modules-2/files-2.1/org.springframework/spring-jcl/5.0.9.RELEASE/bc3b5aaae53f0bc03647e53ecbd98a05b47a4e90/spring-jcl-5.0.9.RELEASE.jar:/opt/gradle/gradle-4.10.2/caches/modules-2/files-2.1/com.fasterxml.jackson.core/jackson-core/2.9.6/4e393793c37c77e042ccc7be5a914ae39251b365/jackson-core-2.9.6.jar:/opt/gradle/gradle-4.10.2/caches/modules-2/files-2.1/org.codehaus.plexus/plexus-interpolation/1.1/66a644c26e8a1cd2945981422c33ba247226a2ef/plexus-interpolation-1.1.jar:/opt/gradle/gradle-4.10.2/caches/modules-2/files-2.1/xerces/xercesImpl/2.8.1/25101e37ec0c907db6f0612cbf106ee519c1aef1/xercesImpl-2.8.1.jar:/opt/gradle/gradle-4.10.2/caches/modules-2/files-2.1/org.apache.velocity/velocity/1.5/9f306baf7523ffc0e81a6353d08a584d254133b/velocity-1.5.jar:/opt/gradle/gradle-4.10.2/caches/modules-2/files-2.1/commons-lang/commons-lang/2.4/16313e02a793435009f1e458fa4af5d879f6fb11/commons-lang-2.4.jar:/opt/gradle/gradle-4.10.2/caches/modules-2/files-2.1/commons-httpclient/commons-httpclient/3.1/964cd74171f427720480efdec40a7c7f6e58426a/commons-httpclient-3.1.jar:/opt/gradle/gradle-4.10.2/caches/modules-2/files-2.1/commons-digester/commons-digester/1.6/e2822f655f2c182681c2cf27f224a425ccb2983d/commons-digester-1.6.jar:/opt/gradle/gradle-4.10.2/caches/modules-2/files-2.1/commons-collections/commons-collections/3.2/f951934aa5ae5a88d7e6dfaa6d32307d834a88be/commons-collections-3.2.jar:/opt/gradle/gradle-4.10.2/caches/modules-2/files-2.1/commons-beanutils/commons-beanutils/1.7.0/5675fd96b29656504b86029551973d60fb41339b/commons-beanutils-1.7.0.jar:/opt/gradle/gradle-4.10.2/caches/modules-2/files-2.1/commons-logging/commons-logging/1.0.4/f029a2aefe2b3e1517573c580f948caac31b1056/commons-logging-1.0.4.jar:/opt/gradle/gradle-4.10.2/caches/modules-2/files-2.1/oro/oro/2.0.8/5592374f834645c4ae250f4c9fbb314c9369d698/oro-2.0.8.jar:/opt/gradle/gradle-4.10.2/caches/modules-2/files-2.1/xml-apis/xml-apis/1.4.01/3789d9fada2d3d458c4ba2de349d48780f381ee3/xml-apis-1.4.01.jar:/opt/gradle/gradle-4.10.2/caches/modules-2/files-2.1/ch.qos.logback/logback-core/1.2.3/864344400c3d4d92dfeb0a305dc87d953677c03c/logback-core-1.2.3.jar:/opt/gradle/gradle-4.10.2/caches/modules-2/files-2.1/org.apache.logging.log4j/log4j-api/2.10.0/fec5797a55b786184a537abd39c3fa1449d752d6/log4j-api-2.10.0.jar:/opt/gradle/gradle-4.10.2/caches/modules-2/files-2.1/commons-codec/commons-codec/1.11/3acb4705652e16236558f0f4f2192cc33c3bd189/commons-codec-1.11.jar, user.name=andrey, java.vm.specification.version=1.8, sun.java.command=worker.org.gradle.process.internal.worker.GradleWorkerMain 'Gradle Test Executor 1', java.home=/home/andrey/Программы/jdk1.8.0_181/jre, sun.arch.data.model=64, user.language=ru, java.specification.vendor=Oracle Corporation, awt.toolkit=sun.awt.X11.XToolkit, java.vm.info=mixed mode, java.version=1.8.0_181, java.ext.dirs=/home/andrey/Программы/jdk1.8.0_181/jre/lib/ext:/usr/java/packages/lib/ext, sun.boot.class.path=/home/andrey/Программы/jdk1.8.0_181/jre/lib/resources.jar:/home/andrey/Программы/jdk1.8.0_181/jre/lib/rt.jar:/home/andrey/Программы/jdk1.8.0_181/jre/lib/sunrsasign.jar:/home/andrey/Программы/jdk1.8.0_181/jre/lib/jsse.jar:/home/andrey/Программы/jdk1.8.0_181/jre/lib/jce.jar:/home/andrey/Программы/jdk1.8.0_181/jre/lib/charsets.jar:/home/andrey/Программы/jdk1.8.0_181/jre/lib/jfr.jar:/home/andrey/Программы/jdk1.8.0_181/jre/classes, java.vendor=Oracle Corporation, org.gradle.test.worker=1, file.separator=/, java.vendor.url.bug=http://bugreport.sun.com/bugreport/, sun.io.unicode.encoding=UnicodeLittle, sun.cpu.endian=little, sun.desktop=gnome, sun.cpu.isalist=}}, SystemEnvironmentPropertySource@1943871103 {name='systemEnvironment', properties={PATH=/usr/local/sbin:/usr/local/bin:/usr/sbin:/usr/bin:/sbin:/bin:/usr/games:/usr/local/games:/opt/gradle/gradle-4.10.2/bin:/snap/bin:/home/andrey/Программы/jdk1.8.0_181/bin:/home/andrey/Программы/jdk1.8.0_181/jre/bin, XAUTHORITY=/home/andrey/.Xauthority, XDG_DATA_DIRS=/usr/share/cinnamon:/usr/share/gnome:/home/andrey/.local/share/flatpak/exports/share:/var/lib/flatpak/exports/share:/usr/local/share:/usr/share:/var/lib/snapd/desktop, GDMSESSION=cinnamon, MANDATORY_PATH=/usr/share/gconf/cinnamon.mandatory.path, JAVA_HOME=/home/andrey/Программы/jdk1.8.0_181/, XDG_CONFIG_DIRS=/etc/xdg/xdg-cinnamon:/etc/xdg, LANG=ru_RU.UTF-8, DBUS_SESSION_BUS_ADDRESS=unix:path=/run/user/1000/bus, XDG_SEAT_PATH=/org/freedesktop/DisplayManager/Seat0, XDG_SESSION_ID=c2, XDG_SESSION_TYPE=x11, DEFAULTS_PATH=/usr/share/gconf/cinnamon.default.path, XDG_CURRENT_DESKTOP=X-Cinnamon, JRE_HOME=/home/andrey/Программы/jdk1.8.0_181/jre, DISPLAY=:0, INSIDE_NEMO_PYTHON=, SSH_AGENT_PID=1407, SESSION_MANAGER=local/andrey-Aspire-V3-572G:@/tmp/.ICE-unix/1343,unix/andrey-Aspire-V3-572G:/tmp/.ICE-unix/1343, LOGNAME=andrey, PWD=/home/andrey, LANGUAGE=ru, SHELL=/bin/bash, GDM_LANG=ru, XDG_GREETER_DATA_DIR=/var/lib/lightdm-data/andrey, GIO_LAUNCHED_DESKTOP_FILE=/home/andrey/Рабочий стол/Intellij IDEA Ultimate.desktop, GPG_AGENT_INFO=/run/user/1000/gnupg/S.gpg-agent:0:1, DESKTOP_SESSION=cinnamon, OLDPWD=/home/andrey/Программы/idea-IU-182.4505.22/bin, USER=andrey, GIO_LAUNCHED_DESKTOP_FILE_PID=1912, QT_ACCESSIBILITY=1, GNOME_DESKTOP_SESSION_ID=this-is-deprecated, SSH_AUTH_SOCK=/run/user/1000/keyring/ssh, GTK_MODULES=gail:atk-bridge, XDG_SEAT=seat0, GTK_OVERLAY_SCROLLING=1, XDG_SESSION_PATH=/org/freedesktop/DisplayManager/Session0, QT_QPA_PLATFORMTHEME=qt5ct, XDG_VTNR=7, XDG_SESSION_DESKTOP=cinnamon, XDG_RUNTIME_DIR=/run/user/1000, HOME=/home/andrey, SHLVL=0}}]
14:19:41.390 [Test worker] DEBUG org.springframework.core.io.support.PathMatchingResourcePatternResolver - Resolved classpath location [rsoi/lab2/controllers/] to resources [URL [file:/home/andrey/Рабочий%20стол/Projects/RSOI/lab2/backend/services/gateway/classes/java/test/rsoi/lab2/controllers/], URL [file:/home/andrey/Рабочий%20стол/Projects/RSOI/lab2/backend/services/gateway/classes/java/main/rsoi/lab2/controllers/]]
14:19:41.391 [Test worker] DEBUG org.springframework.core.io.support.PathMatchingResourcePatternResolver - Looking for matching resources in directory tree [/home/andrey/Рабочий стол/Projects/RSOI/lab2/backend/services/gateway/classes/java/test/rsoi/lab2/controllers]
14:19:41.392 [Test worker] DEBUG org.springframework.core.io.support.PathMatchingResourcePatternResolver - Searching directory [/home/andrey/Рабочий стол/Projects/RSOI/lab2/backend/services/gateway/classes/java/test/rsoi/lab2/controllers] for files matching pattern [/home/andrey/Рабочий стол/Projects/RSOI/lab2/backend/services/gateway/classes/java/test/rsoi/lab2/controllers/*.class]
14:19:41.399 [Test worker] DEBUG org.springframework.core.io.support.PathMatchingResourcePatternResolver - Looking for matching resources in directory tree [/home/andrey/Рабочий стол/Projects/RSOI/lab2/backend/services/gateway/classes/java/main/rsoi/lab2/controllers]
14:19:41.400 [Test worker] DEBUG org.springframework.core.io.support.PathMatchingResourcePatternResolver - Searching directory [/home/andrey/Рабочий стол/Projects/RSOI/lab2/backend/services/gateway/classes/java/main/rsoi/lab2/controllers] for files matching pattern [/home/andrey/Рабочий стол/Projects/RSOI/lab2/backend/services/gateway/classes/java/main/rsoi/lab2/controllers/*.class]
14:19:41.401 [Test worker] DEBUG org.springframework.core.io.support.PathMatchingResourcePatternResolver - Resolved location pattern [classpath*:rsoi/lab2/controllers/*.class] to resources [file [/home/andrey/Рабочий стол/Projects/RSOI/lab2/backend/services/gateway/classes/java/test/rsoi/lab2/controllers/RouteControllerTest.class], file [/home/andrey/Рабочий стол/Projects/RSOI/lab2/backend/services/gateway/classes/java/main/rsoi/lab2/controllers/RouteController.class]]
14:19:41.501 [Test worker] DEBUG org.springframework.core.io.support.PathMatchingResourcePatternResolver - Resolved classpath location [rsoi/lab2/] to resources [URL [file:/home/andrey/Рабочий%20стол/Projects/RSOI/lab2/backend/services/gateway/classes/java/test/rsoi/lab2/], URL [file:/home/andrey/Рабочий%20стол/Projects/RSOI/lab2/backend/services/gateway/classes/java/main/rsoi/lab2/]]
14:19:41.502 [Test worker] DEBUG org.springframework.core.io.support.PathMatchingResourcePatternResolver - Looking for matching resources in directory tree [/home/andrey/Рабочий стол/Projects/RSOI/lab2/backend/services/gateway/classes/java/test/rsoi/lab2]
14:19:41.502 [Test worker] DEBUG org.springframework.core.io.support.PathMatchingResourcePatternResolver - Searching directory [/home/andrey/Рабочий стол/Projects/RSOI/lab2/backend/services/gateway/classes/java/test/rsoi/lab2] for files matching pattern [/home/andrey/Рабочий стол/Projects/RSOI/lab2/backend/services/gateway/classes/java/test/rsoi/lab2/*.class]
14:19:41.503 [Test worker] DEBUG org.springframework.core.io.support.PathMatchingResourcePatternResolver - Looking for matching resources in directory tree [/home/andrey/Рабочий стол/Projects/RSOI/lab2/backend/services/gateway/classes/java/main/rsoi/lab2]
14:19:41.503 [Test worker] DEBUG org.springframework.core.io.support.PathMatchingResourcePatternResolver - Searching directory [/home/andrey/Рабочий стол/Projects/RSOI/lab2/backend/services/gateway/classes/java/main/rsoi/lab2] for files matching pattern [/home/andrey/Рабочий стол/Projects/RSOI/lab2/backend/services/gateway/classes/java/main/rsoi/lab2/*.class]
14:19:41.505 [Test worker] DEBUG org.springframework.core.io.support.PathMatchingResourcePatternResolver - Resolved location pattern [classpath*:rsoi/lab2/*.class] to resources [file [/home/andrey/Рабочий стол/Projects/RSOI/lab2/backend/services/gateway/classes/java/main/rsoi/lab2/Lab2Application.class]]
14:19:41.545 [Test worker] DEBUG org.springframework.context.annotation.ClassPathScanningCandidateComponentProvider - Identified candidate component class: file [/home/andrey/Рабочий стол/Projects/RSOI/lab2/backend/services/gateway/classes/java/main/rsoi/lab2/Lab2Application.class]
14:19:41.548 [Test worker] INFO org.springframework.boot.test.context.SpringBootTestContextBootstrapper - Found @SpringBootConfiguration rsoi.lab2.Lab2Application for test class rsoi.lab2.controllers.RouteControllerTest
14:19:41.552 [Test worker] DEBUG org.springframework.boot.test.autoconfigure.web.servlet.WebMvcTestContextBootstrapper - @TestExecutionListeners is not present for class [rsoi.lab2.controllers.RouteControllerTest]: using defaults.
14:19:41.553 [Test worker] INFO org.springframework.boot.test.autoconfigure.web.servlet.WebMvcTestContextBootstrapper - Loaded default TestExecutionListener class names from location [META-INF/spring.factories]: [org.springframework.boot.test.autoconfigure.restdocs.RestDocsTestExecutionListener, org.springframework.boot.test.autoconfigure.web.client.MockRestServiceServerResetTestExecutionListener, org.springframework.boot.test.autoconfigure.web.servlet.MockMvcPrintOnlyOnFailureTestExecutionListener, org.springframework.boot.test.autoconfigure.web.servlet.WebDriverTestExecutionListener, org.springframework.boot.test.mock.mockito.MockitoTestExecutionListener, org.springframework.boot.test.mock.mockito.ResetMocksTestExecutionListener, org.springframework.test.context.web.ServletTestExecutionListener, org.springframework.test.context.support.DirtiesContextBeforeModesTestExecutionListener, org.springframework.test.context.support.DependencyInjectionTestExecutionListener, org.springframework.test.context.support.DirtiesContextTestExecutionListener, org.springframework.test.context.transaction.TransactionalTestExecutionListener, org.springframework.test.context.jdbc.SqlScriptsTestExecutionListener]
14:19:41.609 [Test worker] INFO org.springframework.boot.test.autoconfigure.web.servlet.WebMvcTestContextBootstrapper - Using TestExecutionListeners: [org.springframework.test.context.web.ServletTestExecutionListener@65699c5a, org.springframework.test.context.support.DirtiesContextBeforeModesTestExecutionListener@578ea357, org.springframework.boot.test.mock.mockito.MockitoTestExecutionListener@3aa99416, org.springframework.boot.test.autoconfigure.SpringBootDependencyInjectionTestExecutionListener@14917d5b, org.springframework.test.context.support.DirtiesContextTestExecutionListener@3db3a8df, org.springframework.test.context.transaction.TransactionalTestExecutionListener@1f852025, org.springframework.test.context.jdbc.SqlScriptsTestExecutionListener@69fa1ee7, org.springframework.boot.test.autoconfigure.restdocs.RestDocsTestExecutionListener@769edd26, org.springframework.boot.test.autoconfigure.web.client.MockRestServiceServerResetTestExecutionListener@56cb667a, org.springframework.boot.test.autoconfigure.web.servlet.MockMvcPrintOnlyOnFailureTestExecutionListener@60f9e08e, org.springframework.boot.test.autoconfigure.web.servlet.WebDriverTestExecutionListener@59cdd750, org.springframework.boot.test.mock.mockito.ResetMocksTestExecutionListener@59ba56a2]
14:19:41.618 [Test worker] DEBUG org.springframework.test.annotation.ProfileValueUtils - Retrieved @ProfileValueSourceConfiguration [null] for test class [rsoi.lab2.controllers.RouteControllerTest]
14:19:41.619 [Test worker] DEBUG org.springframework.test.annotation.ProfileValueUtils - Retrieved ProfileValueSource type [class org.springframework.test.annotation.SystemProfileValueSource] for class [rsoi.lab2.controllers.RouteControllerTest]
14:19:41.622 [Test worker] DEBUG org.springframework.test.annotation.ProfileValueUtils - Retrieved @ProfileValueSourceConfiguration [null] for test class [rsoi.lab2.controllers.RouteControllerTest]
14:19:41.623 [Test worker] DEBUG org.springframework.test.annotation.ProfileValueUtils - Retrieved ProfileValueSource type [class org.springframework.test.annotation.SystemProfileValueSource] for class [rsoi.lab2.controllers.RouteControllerTest]
14:19:41.637 [Test worker] DEBUG org.springframework.test.context.support.AbstractDirtiesContextTestExecutionListener - Before test class: context [DefaultTestContext@5c0e9da2 testClass = RouteControllerTest, testInstance = [null], testMethod = [null], testException = [null], mergedContextConfiguration = [WebMergedContextConfiguration@36bb2945 testClass = RouteControllerTest, locations = '{}', classes = '{class rsoi.lab2.Lab2Application}', contextInitializerClasses = '[]', activeProfiles = '{}', propertySourceLocations = '{}', propertySourceProperties = '{org.springframework.boot.test.autoconfigure.web.servlet.WebMvcTestContextBootstrapper=true}', contextCustomizers = set[org.springframework.boot.test.autoconfigure.OverrideAutoConfigurationContextCustomizerFactory$DisableAutoConfigurationContextCustomizer@3ac0a82a, org.springframework.boot.test.autoconfigure.filter.TypeExcludeFiltersContextCustomizer@cea52254, org.springframework.boot.test.autoconfigure.properties.PropertyMappingContextCustomizer@ecd36154, org.springframework.boot.test.autoconfigure.web.servlet.WebDriverContextCustomizerFactory$Customizer@8e3cee9, [ImportsContextCustomizer@2933c7ac key = [org.springframework.boot.autoconfigure.cache.CacheAutoConfiguration, org.springframework.boot.autoconfigure.context.MessageSourceAutoConfiguration, org.springframework.boot.autoconfigure.freemarker.FreeMarkerAutoConfiguration, org.springframework.boot.autoconfigure.groovy.template.GroovyTemplateAutoConfiguration, org.springframework.boot.autoconfigure.gson.GsonAutoConfiguration, org.springframework.boot.autoconfigure.hateoas.HypermediaAutoConfiguration, org.springframework.boot.autoconfigure.http.HttpMessageConvertersAutoConfiguration, org.springframework.boot.autoconfigure.jackson.JacksonAutoConfiguration, org.springframework.boot.autoconfigure.jsonb.JsonbAutoConfiguration, org.springframework.boot.autoconfigure.mustache.MustacheAutoConfiguration, org.springframework.boot.autoconfigure.thymeleaf.ThymeleafAutoConfiguration, org.springframework.boot.autoconfigure.validation.ValidationAutoConfiguration, org.springframework.boot.autoconfigure.web.servlet.error.ErrorMvcAutoConfiguration, org.springframework.boot.autoconfigure.web.servlet.WebMvcAutoConfiguration, org.springframework.boot.test.autoconfigure.web.servlet.MockMvcAutoConfiguration, org.springframework.boot.test.autoconfigure.web.servlet.MockMvcSecurityAutoConfiguration, org.springframework.boot.test.autoconfigure.web.servlet.MockMvcWebClientAutoConfiguration, org.springframework.boot.test.autoconfigure.web.servlet.MockMvcWebDriverAutoConfiguration]], org.springframework.boot.test.context.filter.ExcludeFilterContextCustomizer@1dcded7c, org.springframework.boot.test.json.DuplicateJsonObjectContextCustomizerFactory$DuplicateJsonObjectContextCustomizer@39c13864, org.springframework.boot.test.mock.mockito.MockitoContextCustomizer@f8afbb36], resourceBasePath = '', contextLoader = 'org.springframework.boot.test.context.SpringBootContextLoader', parent = [null]], attributes = map[[empty]]], class annotated with @DirtiesContext [false] with mode [null].
14:19:41.640 [Test worker] DEBUG org.springframework.test.annotation.ProfileValueUtils - Retrieved @ProfileValueSourceConfiguration [null] for test class [rsoi.lab2.controllers.RouteControllerTest]
14:19:41.641 [Test worker] DEBUG org.springframework.test.annotation.ProfileValueUtils - Retrieved ProfileValueSource type [class org.springframework.test.annotation.SystemProfileValueSource] for class [rsoi.lab2.controllers.RouteControllerTest]
14:19:42.103 [Test worker] DEBUG org.springframework.core.env.StandardEnvironment - Adding PropertySource 'systemProperties' with lowest search precedence
14:19:42.104 [Test worker] DEBUG org.springframework.core.env.StandardEnvironment - Adding PropertySource 'systemEnvironment' with lowest search precedence
14:19:42.104 [Test worker] DEBUG org.springframework.core.env.StandardEnvironment - Initialized StandardEnvironment with PropertySources [MapPropertySource@1951516267 {name='systemProperties', properties={java.runtime.name=Java(TM) SE Runtime Environment, sun.boot.library.path=/home/andrey/Программы/jdk1.8.0_181/jre/lib/amd64, java.vm.version=25.181-b13, java.vm.vendor=Oracle Corporation, java.vendor.url=http://java.oracle.com/, path.separator=:, java.vm.name=Java HotSpot(TM) 64-Bit Server VM, file.encoding.pkg=sun.io, sun.java.launcher=SUN_STANDARD, user.country=RU, sun.os.patch.level=unknown, java.vm.specification.name=Java Virtual Machine Specification, user.dir=/home/andrey/Рабочий стол/Projects/RSOI/lab2/backend/services/routeService, java.runtime.version=1.8.0_181-b13, java.awt.graphicsenv=sun.awt.X11GraphicsEnvironment, java.endorsed.dirs=/home/andrey/Программы/jdk1.8.0_181/jre/lib/endorsed, os.arch=amd64, java.io.tmpdir=/tmp, line.separator=
, java.vm.specification.vendor=Oracle Corporation, user.variant=, os.name=Linux, sun.jnu.encoding=UTF-8, java.library.path=/usr/java/packages/lib/amd64:/usr/lib64:/lib64:/lib:/usr/lib, java.specification.name=Java Platform API Specification, java.class.version=52.0, org.gradle.native=false, sun.management.compiler=HotSpot 64-Bit Tiered Compilers, os.version=4.15.0-20-generic, user.home=/home/andrey, user.timezone=Europe/Moscow, java.awt.printerjob=sun.print.PSPrinterJob, file.encoding=UTF-8, java.specification.version=1.8, java.class.path=/home/andrey/Рабочий стол/Projects/RSOI/lab2/backend/services/gateway/classes/java/test:/home/andrey/Рабочий стол/Projects/RSOI/lab2/backend/services/gateway/resources/test:/home/andrey/Рабочий стол/Projects/RSOI/lab2/backend/services/gateway/classes/java/main:/home/andrey/Рабочий стол/Projects/RSOI/lab2/backend/services/gateway/resources/main:/opt/gradle/gradle-4.10.2/caches/modules-2/files-2.1/org.springframework.boot/spring-boot-starter-web/2.0.5.RELEASE/52daa1f1509bd637a737206e54c06a17aabb9504/spring-boot-starter-web-2.0.5.RELEASE.jar:/opt/gradle/gradle-4.10.2/caches/modules-2/files-2.1/com.google.code.gson/gson/2.8.5/f645ed69d595b24d4cf8b3fbb64cc505bede8829/gson-2.8.5.jar:/opt/gradle/gradle-4.10.2/caches/modules-2/files-2.1/org.postgresql/postgresql/42.2.5/951b7eda125f3137538a94e2cbdcf744088ad4c2/postgresql-42.2.5.jar:/opt/gradle/gradle-4.10.2/caches/modules-2/files-2.1/org.jacoco/jacoco-maven-plugin/0.8.2/ac2b37043d7761aa9382ac0a461a3691e80bb866/jacoco-maven-plugin-0.8.2.jar:/opt/gradle/gradle-4.10.2/caches/modules-2/files-2.1/io.springfox/springfox-swagger2/2.9.2/362676bc7f4c6f9f1d568741becab0dfc198c898/springfox-swagger2-2.9.2.jar:/opt/gradle/gradle-4.10.2/caches/modules-2/files-2.1/io.springfox/springfox-swagger-ui/2.9.2/d542382a88ff3ea8d4032c28b2b0325797fada7d/springfox-swagger-ui-2.9.2.jar:/opt/gradle/gradle-4.10.2/caches/modules-2/files-2.1/org.springframework.boot/spring-boot-starter-data-jpa/2.0.5.RELEASE/c99b58e8ada11478aa5d0c3065745b7e887f094e/spring-boot-starter-data-jpa-2.0.5.RELEASE.jar:/opt/gradle/gradle-4.10.2/caches/modules-2/files-2.1/org.springframework.boot/spring-boot-starter-test/2.0.5.RELEASE/ab04ca2e76f6a8e786001352a81a10e4b0e7fbc8/spring-boot-starter-test-2.0.5.RELEASE.jar:/opt/gradle/gradle-4.10.2/caches/modules-2/files-2.1/org.springframework.restdocs/spring-restdocs-mockmvc/2.0.2.RELEASE/dcf11bb929c5cb9aa9194935c6db9f779e1e4e1d/spring-restdocs-mockmvc-2.0.2.RELEASE.jar:/opt/gradle/gradle-4.10.2/caches/modules-2/files-2.1/org.springframework.boot/spring-boot-starter-json/2.0.5.RELEASE/d0052ded4733ceb1fb7d927238f22f9a92099227/spring-boot-starter-json-2.0.5.RELEASE.jar:/opt/gradle/gradle-4.10.2/caches/modules-2/files-2.1/org.springframework.boot/spring-boot-starter-aop/2.0.5.RELEASE/6bc1e8bcc849772d48cae1e8278cd2b471361698/spring-boot-starter-aop-2.0.5.RELEASE.jar:/opt/gradle/gradle-4.10.2/caches/modules-2/files-2.1/org.springframework.boot/spring-boot-starter-jdbc/2.0.5.RELEASE/9a5370acc7c5e17f4a00578211fbbd212b9a8329/spring-boot-starter-jdbc-2.0.5.RELEASE.jar:/opt/gradle/gradle-4.10.2/caches/modules-2/files-2.1/org.springframework.boot/spring-boot-starter/2.0.5.RELEASE/1f53487a373be18d064a5815e9bac9882ef15cdc/spring-boot-starter-2.0.5.RELEASE.jar:/opt/gradle/gradle-4.10.2/caches/modules-2/files-2.1/org.springframework.boot/spring-boot-starter-tomcat/2.0.5.RELEASE/eaac8a5d73b45400bc88cd7f6b5c99b5f0d5e9b7/spring-boot-starter-tomcat-2.0.5.RELEASE.jar:/opt/gradle/gradle-4.10.2/caches/modules-2/files-2.1/org.hibernate.validator/hibernate-validator/6.0.12.Final/478003e61b056c1f97840ba3e62ff31cdc89597/hibernate-validator-6.0.12.Final.jar:/opt/gradle/gradle-4.10.2/caches/modules-2/files-2.1/org.springframework/spring-webmvc/5.0.9.RELEASE/c18346caaeb8dc648c4cc01874996fd9fef76664/spring-webmvc-5.0.9.RELEASE.jar:/opt/gradle/gradle-4.10.2/caches/modules-2/files-2.1/org.springframework.restdocs/spring-restdocs-core/2.0.2.RELEASE/4ef4f92f64fc761e6f6dddfca3e81db58e003b2c/spring-restdocs-core-2.0.2.RELEASE.jar:/opt/gradle/gradle-4.10.2/caches/modules-2/files-2.1/org.springframework/spring-web/5.0.9.RELEASE/1ea3aab93340849313fa74ec626ddaf1fff9ed8e/spring-web-5.0.9.RELEASE.jar:/opt/gradle/gradle-4.10.2/caches/modules-2/files-2.1/org.apache.maven.shared/file-management/1.2.1/8f98bcaa7fd3625a172fd3de10bba8c32b9820ea/file-management-1.2.1.jar:/opt/gradle/gradle-4.10.2/caches/modules-2/files-2.1/org.apache.maven.reporting/maven-reporting-impl/2.1/898da3a82a8dee7ce1d8a6e1d24efcc52ba28383/maven-reporting-impl-2.1.jar:/opt/gradle/gradle-4.10.2/caches/modules-2/files-2.1/org.apache.maven/maven-plugin-api/2.0.10/c1c87b70aff0559c8a40b9ceaa80c92f96cb1dfa/maven-plugin-api-2.0.10.jar:/opt/gradle/gradle-4.10.2/caches/modules-2/files-2.1/org.apache.maven/maven-project/2.0.10/c82f208e8997fc639279dc4b76d50a1317b2a9f1/maven-project-2.0.10.jar:/opt/gradle/gradle-4.10.2/caches/modules-2/files-2.1/org.apache.maven.shared/maven-shared-io/1.1/2e1d57be05ecac7dbe56a3c73b113e98f22240f/maven-shared-io-1.1.jar:/opt/gradle/gradle-4.10.2/caches/modules-2/files-2.1/org.apache.maven.doxia/doxia-site-renderer/1.1.2/3b089bbe153468845e6caabd35c2a8b879939ee4/doxia-site-renderer-1.1.2.jar:/opt/gradle/gradle-4.10.2/caches/modules-2/files-2.1/org.apache.maven.doxia/doxia-module-xhtml/1.1.2/11566856aa0bd7780842de4be791d583df8ad8bf/doxia-module-xhtml-1.1.2.jar:/opt/gradle/gradle-4.10.2/caches/modules-2/files-2.1/org.apache.maven.doxia/doxia-module-fml/1.1.2/923531d55433db173b9479cd7af7ef5c2ee023da/doxia-module-fml-1.1.2.jar:/opt/gradle/gradle-4.10.2/caches/modules-2/files-2.1/org.apache.maven.doxia/doxia-core/1.1.2/30b5f95ed31d612ad3c64af82904f82e6d4ab29c/doxia-core-1.1.2.jar:/opt/gradle/gradle-4.10.2/caches/modules-2/files-2.1/org.apache.maven/maven-artifact-manager/2.0.10/670035eeb46e12291ab5b9e27144c7e746d2a9ca/maven-artifact-manager-2.0.10.jar:/opt/gradle/gradle-4.10.2/caches/modules-2/files-2.1/org.apache.maven/maven-artifact/2.0.10/1dc61c80db78a5b4df8e347cf91848fc50ddad95/maven-artifact-2.0.10.jar:/opt/gradle/gradle-4.10.2/caches/modules-2/files-2.1/org.apache.maven/maven-settings/2.0.10/f092b75e2846e92880753ff60e5633554c308743/maven-settings-2.0.10.jar:/opt/gradle/gradle-4.10.2/caches/modules-2/files-2.1/org.apache.maven/maven-profile/2.0.10/351665e7af93b60a7ae9c7498d1e6d015ff6ac53/maven-profile-2.0.10.jar:/opt/gradle/gradle-4.10.2/caches/modules-2/files-2.1/org.apache.maven/maven-model/2.0.10/7a74c9a07cfb175605604010710a30fdca575f57/maven-model-2.0.10.jar:/opt/gradle/gradle-4.10.2/caches/modules-2/files-2.1/org.apache.maven/maven-plugin-registry/2.0.10/d5da46ecb3da41696471510223af256143bc0936/maven-plugin-registry-2.0.10.jar:/opt/gradle/gradle-4.10.2/caches/modules-2/files-2.1/org.apache.maven.reporting/maven-reporting-api/3.0/b2541dd07d08cd5eff9bd4554a2ad6a4198e2dfe/maven-reporting-api-3.0.jar:/opt/gradle/gradle-4.10.2/caches/modules-2/files-2.1/org.apache.maven.doxia/doxia-sink-api/1.1.2/b61a336b321ca6b1857f59f9fd09fae8c0354fec/doxia-sink-api-1.1.2.jar:/opt/gradle/gradle-4.10.2/caches/modules-2/files-2.1/org.apache.maven.doxia/doxia-logging-api/1.1.2/13b7385b902c62e0bf7d81b57115c09de92c7dfd/doxia-logging-api-1.1.2.jar:/opt/gradle/gradle-4.10.2/caches/modules-2/files-2.1/org.codehaus.plexus/plexus-velocity/1.1.7/1440fc2552d1405b1c2d380ef3b96c4d9c6dbd0b/plexus-velocity-1.1.7.jar:/opt/gradle/gradle-4.10.2/caches/modules-2/files-2.1/org.codehaus.plexus/plexus-container-default/1.0-alpha-30/669d4ba8e898e37987eb5e30b121ed1d62c5b7b8/plexus-container-default-1.0-alpha-30.jar:/opt/gradle/gradle-4.10.2/caches/modules-2/files-2.1/org.apache.maven.doxia/doxia-decoration-model/1.1.2/172cda539c83280c3f7a60022337f454e98c029d/doxia-decoration-model-1.1.2.jar:/opt/gradle/gradle-4.10.2/caches/modules-2/files-2.1/org.codehaus.plexus/plexus-i18n/1.0-beta-7/3690f10a668b3c7ac2ef563f14cfb6b2ba30ee57/plexus-i18n-1.0-beta-7.jar:/opt/gradle/gradle-4.10.2/caches/modules-2/files-2.1/org.apache.maven.wagon/wagon-provider-api/1.0-beta-2/abd1c9ace6e87c94a4b91f5176aeb09d954b23a3/wagon-provider-api-1.0-beta-2.jar:/opt/gradle/gradle-4.10.2/caches/modules-2/files-2.1/org.apache.maven/maven-repository-metadata/2.0.10/d7c3d497c7f3fe9df2746dbf3ac43acc044a5019/maven-repository-metadata-2.0.10.jar:/opt/gradle/gradle-4.10.2/caches/modules-2/files-2.1/org.codehaus.plexus/plexus-utils/3.0.22/764f26e0ab13a87c48fe55f525dfb6a133b7a92f/plexus-utils-3.0.22.jar:/opt/gradle/gradle-4.10.2/caches/modules-2/files-2.1/org.jacoco/org.jacoco.agent/0.8.2/4806883004063feb978b8811f00d5ea2138750bb/org.jacoco.agent-0.8.2-runtime.jar:/opt/gradle/gradle-4.10.2/caches/modules-2/files-2.1/org.jacoco/org.jacoco.report/0.8.2/50e133cdfd2d31ca5702b73615be70f801d3ae26/org.jacoco.report-0.8.2.jar:/opt/gradle/gradle-4.10.2/caches/modules-2/files-2.1/org.jacoco/org.jacoco.core/0.8.2/977b33afe2344a9ee801fd3317c54d8e1f9d7a79/org.jacoco.core-0.8.2.jar:/opt/gradle/gradle-4.10.2/caches/modules-2/files-2.1/io.springfox/springfox-swagger-common/2.9.2/b38a41b3044af80cb7f41f67be5d158c9f6491ec/springfox-swagger-common-2.9.2.jar:/opt/gradle/gradle-4.10.2/caches/modules-2/files-2.1/io.swagger/swagger-models/1.5.20/fb3a23bad80c5ed84db9dd150db2cba699531458/swagger-models-1.5.20.jar:/opt/gradle/gradle-4.10.2/caches/modules-2/files-2.1/io.swagger/swagger-annotations/1.5.20/16051f93ce11ca489a5313775d825f82fcc2cd6c/swagger-annotations-1.5.20.jar:/opt/gradle/gradle-4.10.2/caches/modules-2/files-2.1/io.springfox/springfox-schema/2.9.2/e268f38774b16bb51a92ccaef0dcf3dc651c0cee/springfox-schema-2.9.2.jar:/opt/gradle/gradle-4.10.2/caches/modules-2/files-2.1/io.springfox/springfox-spring-web/2.9.2/ed2ed714a6cba8804d00f80f0534901e4c7a3211/springfox-spring-web-2.9.2.jar:/opt/gradle/gradle-4.10.2/caches/modules-2/files-2.1/io.springfox/springfox-spi/2.9.2/6ac686190a6ceaccdae8b50d03b0501d144a6666/springfox-spi-2.9.2.jar:/opt/gradle/gradle-4.10.2/caches/modules-2/files-2.1/io.springfox/springfox-core/2.9.2/2e26f58939c594fb5c958c3a1c7bedf83d2f2702/springfox-core-2.9.2.jar:/opt/gradle/gradle-4.10.2/caches/modules-2/files-2.1/com.google.guava/guava/20.0/89507701249388e1ed5ddcf8c41f4ce1be7831ef/guava-20.0.jar:/opt/gradle/gradle-4.10.2/caches/modules-2/files-2.1/org.hibernate/hibernate-core/5.2.17.Final/f2dc36470e7a2ffcf6106bb1625ecf5b54bb5f65/hibernate-core-5.2.17.Final.jar:/opt/gradle/gradle-4.10.2/caches/modules-2/files-2.1/com.fasterxml/classmate/1.3.4/3d5f48f10bbe4eb7bd862f10c0583be2e0053c6/classmate-1.3.4.jar:/opt/gradle/gradle-4.10.2/caches/modules-2/files-2.1/org.springframework.plugin/spring-plugin-metadata/1.2.0.RELEASE/97223fc496b6cab31602eedbd4202aa4fff0d44f/spring-plugin-metadata-1.2.0.RELEASE.jar:/opt/gradle/gradle-4.10.2/caches/modules-2/files-2.1/org.springframework.plugin/spring-plugin-core/1.2.0.RELEASE/f380e7760032e7d929184f8ad8a33716b75c0657/spring-plugin-core-1.2.0.RELEASE.jar:/opt/gradle/gradle-4.10.2/caches/modules-2/files-2.1/org.springframework.data/spring-data-jpa/2.0.10.RELEASE/a6e644c363d050c6c90f078f4f0ac66892f60d54/spring-data-jpa-2.0.10.RELEASE.jar:/opt/gradle/gradle-4.10.2/caches/modules-2/files-2.1/com.jayway.jsonpath/json-path/2.4.0/765a4401ceb2dc8d40553c2075eb80a8fa35c2ae/json-path-2.4.0.jar:/opt/gradle/gradle-4.10.2/caches/modules-2/files-2.1/com.zaxxer/HikariCP/2.7.9/a83113d2c091d0d0f853dad3217bd7df3beb6ae3/HikariCP-2.7.9.jar:/opt/gradle/gradle-4.10.2/caches/modules-2/files-2.1/org.springframework.data/spring-data-commons/2.0.10.RELEASE/64d4e58a2b16b9446d51a2650058d821a5bce98d/spring-data-commons-2.0.10.RELEASE.jar:/opt/gradle/gradle-4.10.2/caches/modules-2/files-2.1/org.springframework.boot/spring-boot-starter-logging/2.0.5.RELEASE/c353e0b9591d0765c687ff0a678478cbebfd5c23/spring-boot-starter-logging-2.0.5.RELEASE.jar:/opt/gradle/gradle-4.10.2/caches/modules-2/files-2.1/ch.qos.logback/logback-classic/1.2.3/7c4f3c474fb2c041d8028740440937705ebb473a/logback-classic-1.2.3.jar:/opt/gradle/gradle-4.10.2/caches/modules-2/files-2.1/org.apache.logging.log4j/log4j-to-slf4j/2.10.0/f7e631ccf49cfc0aefa4a2a728da7d374c05bd3c/log4j-to-slf4j-2.10.0.jar:/opt/gradle/gradle-4.10.2/caches/modules-2/files-2.1/org.slf4j/jul-to-slf4j/1.7.25/af5364cd6679bfffb114f0dec8a157aaa283b76/jul-to-slf4j-1.7.25.jar:/opt/gradle/gradle-4.10.2/caches/modules-2/files-2.1/org.slf4j/slf4j-api/1.7.25/da76ca59f6a57ee3102f8f9bd9cee742973efa8a/slf4j-api-1.7.25.jar:/opt/gradle/gradle-4.10.2/caches/modules-2/files-2.1/org.mapstruct/mapstruct/1.2.0.Final/8609d6eb044e9f6c73cb24c8f2f4ed5c72a249c7/mapstruct-1.2.0.Final.jar:/opt/gradle/gradle-4.10.2/caches/modules-2/files-2.1/javax.transaction/javax.transaction-api/1.2/d81aff979d603edd90dcd8db2abc1f4ce6479e3e/javax.transaction-api-1.2.jar:/opt/gradle/gradle-4.10.2/caches/modules-2/files-2.1/org.springframework/spring-aspects/5.0.9.RELEASE/dfb2da4c573391d8e8a482f08bdf4d38398e2bb0/spring-aspects-5.0.9.RELEASE.jar:/opt/gradle/gradle-4.10.2/caches/modules-2/files-2.1/org.springframework.boot/spring-boot-test-autoconfigure/2.0.5.RELEASE/54d5e8f9e88c6236fe164474f0aed5a8a1052c43/spring-boot-test-autoconfigure-2.0.5.RELEASE.jar:/opt/gradle/gradle-4.10.2/caches/modules-2/files-2.1/org.springframework.boot/spring-boot-test/2.0.5.RELEASE/ce6353f33217982357a6bdba6576015ea333304c/spring-boot-test-2.0.5.RELEASE.jar:/opt/gradle/gradle-4.10.2/caches/modules-2/files-2.1/org.codehaus.plexus/plexus-classworlds/1.2-alpha-9/a927f9212093cb8fde7de0a5aa40ea4f5678215f/plexus-classworlds-1.2-alpha-9.jar:/opt/gradle/gradle-4.10.2/caches/modules-2/files-2.1/junit/junit/4.12/2973d150c0dc1fefe998f834810d68f278ea58ec/junit-4.12.jar:/opt/gradle/gradle-4.10.2/caches/modules-2/files-2.1/org.assertj/assertj-core/3.9.1/c5ce126b15f28d56cd8f960c1a6a058b9c9aea87/assertj-core-3.9.1.jar:/opt/gradle/gradle-4.10.2/caches/modules-2/files-2.1/org.mockito/mockito-core/2.15.0/b84bfbbc29cd22c9529409627af6ea2897f4fa85/mockito-core-2.15.0.jar:/opt/gradle/gradle-4.10.2/caches/modules-2/files-2.1/org.hamcrest/hamcrest-library/1.3/4785a3c21320980282f9f33d0d1264a69040538f/hamcrest-library-1.3.jar:/opt/gradle/gradle-4.10.2/caches/modules-2/files-2.1/org.hamcrest/hamcrest-core/1.3/42a25dc3219429f0e5d060061f71acb49bf010a0/hamcrest-core-1.3.jar:/opt/gradle/gradle-4.10.2/caches/modules-2/files-2.1/org.skyscreamer/jsonassert/1.5.0/6c9d5fe2f59da598d9aefc1cfc6528ff3cf32df3/jsonassert-1.5.0.jar:/opt/gradle/gradle-4.10.2/caches/modules-2/files-2.1/org.springframework/spring-test/5.0.9.RELEASE/218c8648f898453be92d550252e0ce2a84b54375/spring-test-5.0.9.RELEASE.jar:/opt/gradle/gradle-4.10.2/caches/modules-2/files-2.1/org.springframework.boot/spring-boot-autoconfigure/2.0.5.RELEASE/e5588642799e0c0c04638e255c3d3f31ba400ff4/spring-boot-autoconfigure-2.0.5.RELEASE.jar:/opt/gradle/gradle-4.10.2/caches/modules-2/files-2.1/org.springframework.boot/spring-boot/2.0.5.RELEASE/19a4624cbd89a318d10c79f289c6c816043850fb/spring-boot-2.0.5.RELEASE.jar:/opt/gradle/gradle-4.10.2/caches/modules-2/files-2.1/org.springframework/spring-context/5.0.9.RELEASE/2501e55acb6c2e84667cda3f845d1d00a0dc4e05/spring-context-5.0.9.RELEASE.jar:/opt/gradle/gradle-4.10.2/caches/modules-2/files-2.1/org.springframework/spring-aop/5.0.9.RELEASE/98003b099697fe46b6bdf18c7e3f66d7a1381060/spring-aop-5.0.9.RELEASE.jar:/opt/gradle/gradle-4.10.2/caches/modules-2/files-2.1/org.springframework/spring-orm/5.0.9.RELEASE/bb9265effd7c903f4cc1c98d16b4188b7827a1cc/spring-orm-5.0.9.RELEASE.jar:/opt/gradle/gradle-4.10.2/caches/modules-2/files-2.1/org.springframework/spring-jdbc/5.0.9.RELEASE/2f38726ef2f5ecb72af7e915dac43177b01a8f53/spring-jdbc-5.0.9.RELEASE.jar:/opt/gradle/gradle-4.10.2/caches/modules-2/files-2.1/org.springframework/spring-tx/5.0.9.RELEASE/d3a13fc3c56bdddd8144a686ed64f0cdb3ad7305/spring-tx-5.0.9.RELEASE.jar:/opt/gradle/gradle-4.10.2/caches/modules-2/files-2.1/org.springframework/spring-beans/5.0.9.RELEASE/65f56fdab1bb90ad059e314d2f2f4cf76f9bdbde/spring-beans-5.0.9.RELEASE.jar:/opt/gradle/gradle-4.10.2/caches/modules-2/files-2.1/org.springframework/spring-expression/5.0.9.RELEASE/1f9db5ff3a758102c0434cc3457aa47c50c39a4a/spring-expression-5.0.9.RELEASE.jar:/opt/gradle/gradle-4.10.2/caches/modules-2/files-2.1/org.springframework/spring-core/5.0.9.RELEASE/9f9a828936d81afd49a603bda9cc1aed863a0d85/spring-core-5.0.9.RELEASE.jar:/opt/gradle/gradle-4.10.2/caches/modules-2/files-2.1/org.xmlunit/xmlunit-core/2.5.1/4ffdb346572a7356f7521cd3119ce5287d2e339d/xmlunit-core-2.5.1.jar:/opt/gradle/gradle-4.10.2/caches/modules-2/files-2.1/javax.servlet/javax.servlet-api/3.1.0/3cd63d075497751784b2fa84be59432f4905bf7c/javax.servlet-api-3.1.0.jar:/opt/gradle/gradle-4.10.2/caches/modules-2/files-2.1/javax.annotation/javax.annotation-api/1.3.2/934c04d3cfef185a8008e7bf34331b79730a9d43/javax.annotation-api-1.3.2.jar:/opt/gradle/gradle-4.10.2/caches/modules-2/files-2.1/org.yaml/snakeyaml/1.19/2d998d3d674b172a588e54ab619854d073f555b5/snakeyaml-1.19.jar:/opt/gradle/gradle-4.10.2/caches/modules-2/files-2.1/com.fasterxml.jackson.datatype/jackson-datatype-jdk8/2.9.6/456895fc91bf7180b216fead220373e6278230c9/jackson-datatype-jdk8-2.9.6.jar:/opt/gradle/gradle-4.10.2/caches/modules-2/files-2.1/com.fasterxml.jackson.datatype/jackson-datatype-jsr310/2.9.6/ea54f6193d224e5e5732bbd4262327eb465397c2/jackson-datatype-jsr310-2.9.6.jar:/opt/gradle/gradle-4.10.2/caches/modules-2/files-2.1/com.fasterxml.jackson.module/jackson-module-parameter-names/2.9.6/129acd77a4b6ee30d62d3a0899b1344c8ec2bff8/jackson-module-parameter-names-2.9.6.jar:/opt/gradle/gradle-4.10.2/caches/modules-2/files-2.1/com.fasterxml.jackson.core/jackson-databind/2.9.6/cfa4f316351a91bfd95cb0644c6a2c95f52db1fc/jackson-databind-2.9.6.jar:/opt/gradle/gradle-4.10.2/caches/modules-2/files-2.1/org.apache.tomcat.embed/tomcat-embed-websocket/8.5.34/5f86906367c2540b21e6aeecc277d2ce9ec939b0/tomcat-embed-websocket-8.5.34.jar:/opt/gradle/gradle-4.10.2/caches/modules-2/files-2.1/org.apache.tomcat.embed/tomcat-embed-core/8.5.34/a038040d68a90397f95dd1e11b979fe364a5000f/tomcat-embed-core-8.5.34.jar:/opt/gradle/gradle-4.10.2/caches/modules-2/files-2.1/org.apache.tomcat.embed/tomcat-embed-el/8.5.34/be71a9a5bdd001db7cf97c47429eec0bdd3b7b88/tomcat-embed-el-8.5.34.jar:/opt/gradle/gradle-4.10.2/caches/modules-2/files-2.1/javax.validation/validation-api/2.0.1.Final/cb855558e6271b1b32e716d24cb85c7f583ce09e/validation-api-2.0.1.Final.jar:/opt/gradle/gradle-4.10.2/caches/modules-2/files-2.1/org.hibernate.common/hibernate-commons-annotations/5.0.1.Final/71e1cff3fcb20d3b3af4f3363c3ddb24d33c6879/hibernate-commons-annotations-5.0.1.Final.jar:/opt/gradle/gradle-4.10.2/caches/modules-2/files-2.1/org.jboss.logging/jboss-logging/3.3.2.Final/3789d00e859632e6c6206adc0c71625559e6e3b0/jboss-logging-3.3.2.Final.jar:/opt/gradle/gradle-4.10.2/caches/modules-2/files-2.1/commons-validator/commons-validator/1.2.0/13dcebc00d206605bea72f6191b80370eb3ca805/commons-validator-1.2.0.jar:/opt/gradle/gradle-4.10.2/caches/modules-2/files-2.1/org.ow2.asm/asm-commons/6.2.1/eaf31376d741a3e2017248a4c759209fe25c77d3/asm-commons-6.2.1.jar:/opt/gradle/gradle-4.10.2/caches/modules-2/files-2.1/org.ow2.asm/asm-analysis/6.2.1/e8b876c5ccf226cae2f44ed2c436ad3407d0ec1d/asm-analysis-6.2.1.jar:/opt/gradle/gradle-4.10.2/caches/modules-2/files-2.1/org.ow2.asm/asm-tree/6.2.1/332b022092ecec53cdb6272dc436884b2d940615/asm-tree-6.2.1.jar:/opt/gradle/gradle-4.10.2/caches/modules-2/files-2.1/net.minidev/json-smart/2.3/7396407491352ce4fa30de92efb158adb76b5b/json-smart-2.3.jar:/opt/gradle/gradle-4.10.2/caches/modules-2/files-2.1/net.minidev/accessors-smart/1.2/c592b500269bfde36096641b01238a8350f8aa31/accessors-smart-1.2.jar:/opt/gradle/gradle-4.10.2/caches/modules-2/files-2.1/org.ow2.asm/asm/6.2.1/c01b6798f81b0fc2c5faa70cbe468c275d4b50c7/asm-6.2.1.jar:/opt/gradle/gradle-4.10.2/caches/modules-2/files-2.1/com.fasterxml.jackson.core/jackson-annotations/2.9.0/7c10d545325e3a6e72e06381afe469fd40eb701/jackson-annotations-2.9.0.jar:/opt/gradle/gradle-4.10.2/caches/modules-2/files-2.1/org.aspectj/aspectjweaver/1.8.13/ad94df2a28d658a40dc27bbaff6a1ce5fbf04e9b/aspectjweaver-1.8.13.jar:/opt/gradle/gradle-4.10.2/caches/modules-2/files-2.1/org.hibernate.javax.persistence/hibernate-jpa-2.1-api/1.0.2.Final/52afb5762c704a6b586e27742470c08f91877fc1/hibernate-jpa-2.1-api-1.0.2.Final.jar:/opt/gradle/gradle-4.10.2/caches/modules-2/files-2.1/org.javassist/javassist/3.22.0-GA/3e83394258ae2089be7219b971ec21a8288528ad/javassist-3.22.0-GA.jar:/opt/gradle/gradle-4.10.2/caches/modules-2/files-2.1/antlr/antlr/2.7.7/83cd2cd674a217ade95a4bb83a8a14f351f48bd0/antlr-2.7.7.jar:/opt/gradle/gradle-4.10.2/caches/modules-2/files-2.1/org.jboss/jandex/2.0.3.Final/bfc4d6257dbff7a33a357f0de116be6ff951d849/jandex-2.0.3.Final.jar:/opt/gradle/gradle-4.10.2/caches/modules-2/files-2.1/dom4j/dom4j/1.6.1/5d3ccc056b6f056dbf0dddfdf43894b9065a8f94/dom4j-1.6.1.jar:/opt/gradle/gradle-4.10.2/caches/modules-2/files-2.1/net.bytebuddy/byte-buddy/1.7.11/f02857a4e2c66ccbe7aaad6100a0a6c461bce9b3/byte-buddy-1.7.11.jar:/opt/gradle/gradle-4.10.2/caches/modules-2/files-2.1/net.bytebuddy/byte-buddy-agent/1.7.11/b425a8933ca07edd03c6dbc8bc3b595fba9780de/byte-buddy-agent-1.7.11.jar:/opt/gradle/gradle-4.10.2/caches/modules-2/files-2.1/org.objenesis/objenesis/2.6/639033469776fd37c08358c6b92a4761feb2af4b/objenesis-2.6.jar:/opt/gradle/gradle-4.10.2/caches/modules-2/files-2.1/com.vaadin.external.google/android-json/0.0.20131108.vaadin1/fa26d351fe62a6a17f5cda1287c1c6110dec413f/android-json-0.0.20131108.vaadin1.jar:/opt/gradle/gradle-4.10.2/caches/modules-2/files-2.1/org.springframework/spring-jcl/5.0.9.RELEASE/bc3b5aaae53f0bc03647e53ecbd98a05b47a4e90/spring-jcl-5.0.9.RELEASE.jar:/opt/gradle/gradle-4.10.2/caches/modules-2/files-2.1/com.fasterxml.jackson.core/jackson-core/2.9.6/4e393793c37c77e042ccc7be5a914ae39251b365/jackson-core-2.9.6.jar:/opt/gradle/gradle-4.10.2/caches/modules-2/files-2.1/org.codehaus.plexus/plexus-interpolation/1.1/66a644c26e8a1cd2945981422c33ba247226a2ef/plexus-interpolation-1.1.jar:/opt/gradle/gradle-4.10.2/caches/modules-2/files-2.1/xerces/xercesImpl/2.8.1/25101e37ec0c907db6f0612cbf106ee519c1aef1/xercesImpl-2.8.1.jar:/opt/gradle/gradle-4.10.2/caches/modules-2/files-2.1/org.apache.velocity/velocity/1.5/9f306baf7523ffc0e81a6353d08a584d254133b/velocity-1.5.jar:/opt/gradle/gradle-4.10.2/caches/modules-2/files-2.1/commons-lang/commons-lang/2.4/16313e02a793435009f1e458fa4af5d879f6fb11/commons-lang-2.4.jar:/opt/gradle/gradle-4.10.2/caches/modules-2/files-2.1/commons-httpclient/commons-httpclient/3.1/964cd74171f427720480efdec40a7c7f6e58426a/commons-httpclient-3.1.jar:/opt/gradle/gradle-4.10.2/caches/modules-2/files-2.1/commons-digester/commons-digester/1.6/e2822f655f2c182681c2cf27f224a425ccb2983d/commons-digester-1.6.jar:/opt/gradle/gradle-4.10.2/caches/modules-2/files-2.1/commons-collections/commons-collections/3.2/f951934aa5ae5a88d7e6dfaa6d32307d834a88be/commons-collections-3.2.jar:/opt/gradle/gradle-4.10.2/caches/modules-2/files-2.1/commons-beanutils/commons-beanutils/1.7.0/5675fd96b29656504b86029551973d60fb41339b/commons-beanutils-1.7.0.jar:/opt/gradle/gradle-4.10.2/caches/modules-2/files-2.1/commons-logging/commons-logging/1.0.4/f029a2aefe2b3e1517573c580f948caac31b1056/commons-logging-1.0.4.jar:/opt/gradle/gradle-4.10.2/caches/modules-2/files-2.1/oro/oro/2.0.8/5592374f834645c4ae250f4c9fbb314c9369d698/oro-2.0.8.jar:/opt/gradle/gradle-4.10.2/caches/modules-2/files-2.1/xml-apis/xml-apis/1.4.01/3789d9fada2d3d458c4ba2de349d48780f381ee3/xml-apis-1.4.01.jar:/opt/gradle/gradle-4.10.2/caches/modules-2/files-2.1/ch.qos.logback/logback-core/1.2.3/864344400c3d4d92dfeb0a305dc87d953677c03c/logback-core-1.2.3.jar:/opt/gradle/gradle-4.10.2/caches/modules-2/files-2.1/org.apache.logging.log4j/log4j-api/2.10.0/fec5797a55b786184a537abd39c3fa1449d752d6/log4j-api-2.10.0.jar:/opt/gradle/gradle-4.10.2/caches/modules-2/files-2.1/commons-codec/commons-codec/1.11/3acb4705652e16236558f0f4f2192cc33c3bd189/commons-codec-1.11.jar, user.name=andrey, java.vm.specification.version=1.8, sun.java.command=worker.org.gradle.process.internal.worker.GradleWorkerMain 'Gradle Test Executor 1', java.home=/home/andrey/Программы/jdk1.8.0_181/jre, sun.arch.data.model=64, user.language=ru, java.specification.vendor=Oracle Corporation, awt.toolkit=sun.awt.X11.XToolkit, java.vm.info=mixed mode, java.version=1.8.0_181, java.ext.dirs=/home/andrey/Программы/jdk1.8.0_181/jre/lib/ext:/usr/java/packages/lib/ext, sun.boot.class.path=/home/andrey/Программы/jdk1.8.0_181/jre/lib/resources.jar:/home/andrey/Программы/jdk1.8.0_181/jre/lib/rt.jar:/home/andrey/Программы/jdk1.8.0_181/jre/lib/sunrsasign.jar:/home/andrey/Программы/jdk1.8.0_181/jre/lib/jsse.jar:/home/andrey/Программы/jdk1.8.0_181/jre/lib/jce.jar:/home/andrey/Программы/jdk1.8.0_181/jre/lib/charsets.jar:/home/andrey/Программы/jdk1.8.0_181/jre/lib/jfr.jar:/home/andrey/Программы/jdk1.8.0_181/jre/classes, java.vendor=Oracle Corporation, org.gradle.test.worker=1, file.separator=/, java.vendor.url.bug=http://bugreport.sun.com/bugreport/, sun.io.unicode.encoding=UnicodeLittle, sun.cpu.endian=little, sun.desktop=gnome, sun.cpu.isalist=}}, SystemEnvironmentPropertySource@1187967204 {name='systemEnvironment', properties={PATH=/usr/local/sbin:/usr/local/bin:/usr/sbin:/usr/bin:/sbin:/bin:/usr/games:/usr/local/games:/opt/gradle/gradle-4.10.2/bin:/snap/bin:/home/andrey/Программы/jdk1.8.0_181/bin:/home/andrey/Программы/jdk1.8.0_181/jre/bin, XAUTHORITY=/home/andrey/.Xauthority, XDG_DATA_DIRS=/usr/share/cinnamon:/usr/share/gnome:/home/andrey/.local/share/flatpak/exports/share:/var/lib/flatpak/exports/share:/usr/local/share:/usr/share:/var/lib/snapd/desktop, GDMSESSION=cinnamon, MANDATORY_PATH=/usr/share/gconf/cinnamon.mandatory.path, JAVA_HOME=/home/andrey/Программы/jdk1.8.0_181/, XDG_CONFIG_DIRS=/etc/xdg/xdg-cinnamon:/etc/xdg, LANG=ru_RU.UTF-8, DBUS_SESSION_BUS_ADDRESS=unix:path=/run/user/1000/bus, XDG_SEAT_PATH=/org/freedesktop/DisplayManager/Seat0, XDG_SESSION_ID=c2, XDG_SESSION_TYPE=x11, DEFAULTS_PATH=/usr/share/gconf/cinnamon.default.path, XDG_CURRENT_DESKTOP=X-Cinnamon, JRE_HOME=/home/andrey/Программы/jdk1.8.0_181/jre, DISPLAY=:0, INSIDE_NEMO_PYTHON=, SSH_AGENT_PID=1407, SESSION_MANAGER=local/andrey-Aspire-V3-572G:@/tmp/.ICE-unix/1343,unix/andrey-Aspire-V3-572G:/tmp/.ICE-unix/1343, LOGNAME=andrey, PWD=/home/andrey, LANGUAGE=ru, SHELL=/bin/bash, GDM_LANG=ru, XDG_GREETER_DATA_DIR=/var/lib/lightdm-data/andrey, GIO_LAUNCHED_DESKTOP_FILE=/home/andrey/Рабочий стол/Intellij IDEA Ultimate.desktop, GPG_AGENT_INFO=/run/user/1000/gnupg/S.gpg-agent:0:1, DESKTOP_SESSION=cinnamon, OLDPWD=/home/andrey/Программы/idea-IU-182.4505.22/bin, USER=andrey, GIO_LAUNCHED_DESKTOP_FILE_PID=1912, QT_ACCESSIBILITY=1, GNOME_DESKTOP_SESSION_ID=this-is-deprecated, SSH_AUTH_SOCK=/run/user/1000/keyring/ssh, GTK_MODULES=gail:atk-bridge, XDG_SEAT=seat0, GTK_OVERLAY_SCROLLING=1, XDG_SESSION_PATH=/org/freedesktop/DisplayManager/Session0, QT_QPA_PLATFORMTHEME=qt5ct, XDG_VTNR=7, XDG_SESSION_DESKTOP=cinnamon, XDG_RUNTIME_DIR=/run/user/1000, HOME=/home/andrey, SHLVL=0}}]
14:19:42.434 [Test worker] DEBUG org.springframework.test.context.support.TestPropertySourceUtils - Adding inlined properties to environment: {spring.jmx.enabled=false, org.springframework.boot.test.autoconfigure.web.servlet.WebMvcTestContextBootstrapper=true, server.port=-1}
14:19:42.434 [Test worker] DEBUG org.springframework.core.env.StandardEnvironment - Adding PropertySource 'Inlined Test Properties' with highest search precedence

  .   ____          _            __ _ _
 /\\ / ___'_ __ _ _(_)_ __  __ _ \ \ \ \
( ( )\___ | '_ | '_| | '_ \/ _` | \ \ \ \
 \\/  ___)| |_)| | | | | || (_| |  ) ) ) )
  '  |____| .__|_| |_|_| |_\__, | / / / /
 =========|_|==============|___/=/_/_/_/
 :: Spring Boot ::        (v2.0.5.RELEASE)

2018-11-19 14:19:43.424  INFO 2369 --- [    Test worker] r.lab2.controllers.RouteControllerTest   : Starting RouteControllerTest on andrey-Aspire-V3-572G with PID 2369 (started by andrey in /home/andrey/Рабочий стол/Projects/RSOI/lab2/backend/services/routeService)
2018-11-19 14:19:43.437  INFO 2369 --- [    Test worker] r.lab2.controllers.RouteControllerTest   : No active profile set, falling back to default profiles: default
2018-11-19 14:19:43.499  INFO 2369 --- [    Test worker] o.s.w.c.s.GenericWebApplicationContext   : Refreshing org.springframework.web.context.support.GenericWebApplicationContext@1ca983a5: startup date [Mon Nov 19 14:19:43 MSK 2018]; root of context hierarchy
2018-11-19 14:19:47.140  INFO 2369 --- [    Test worker] o.s.w.s.handler.SimpleUrlHandlerMapping  : Mapped URL path [/**/favicon.ico] onto handler of type [class org.springframework.web.servlet.resource.ResourceHttpRequestHandler]
2018-11-19 14:19:47.615  INFO 2369 --- [    Test worker] s.w.s.m.m.a.RequestMappingHandlerAdapter : Looking for @ControllerAdvice: org.springframework.web.context.support.GenericWebApplicationContext@1ca983a5: startup date [Mon Nov 19 14:19:43 MSK 2018]; root of context hierarchy
2018-11-19 14:19:47.855  INFO 2369 --- [    Test worker] s.w.s.m.m.a.RequestMappingHandlerMapping : Mapped "{[/ping],methods=[GET]}" onto public org.springframework.http.ResponseEntity<java.lang.Object> rsoi.lab2.controllers.RouteController.ping()
2018-11-19 14:19:47.858  INFO 2369 --- [    Test worker] s.w.s.m.m.a.RequestMappingHandlerMapping : Mapped "{[/routes],methods=[GET]}" onto public org.springframework.http.ResponseEntity<java.util.List<rsoi.lab2.model.RouteInfo>> rsoi.lab2.controllers.RouteController.getRoutes(int,int)
2018-11-19 14:19:47.859  INFO 2369 --- [    Test worker] s.w.s.m.m.a.RequestMappingHandlerMapping : Mapped "{[/routes],methods=[GET],params=[nmRoute],produces=[application/json]}" onto public org.springframework.http.ResponseEntity<java.util.List<rsoi.lab2.model.RouteInfo>> rsoi.lab2.controllers.RouteController.getRoutes(java.lang.String,int,int)
2018-11-19 14:19:47.861  INFO 2369 --- [    Test worker] s.w.s.m.m.a.RequestMappingHandlerMapping : Mapped "{[/route],methods=[GET],params=[idRoute],produces=[application/json]}" onto public org.springframework.http.ResponseEntity<rsoi.lab2.model.RouteInfo> rsoi.lab2.controllers.RouteController.getRoute(java.lang.Integer)
2018-11-19 14:19:47.862  INFO 2369 --- [    Test worker] s.w.s.m.m.a.RequestMappingHandlerMapping : Mapped "{[/route],methods=[PATCH]}" onto public org.springframework.http.ResponseEntity rsoi.lab2.controllers.RouteController.edit(rsoi.lab2.entity.Route)
2018-11-19 14:19:47.862  INFO 2369 --- [    Test worker] s.w.s.m.m.a.RequestMappingHandlerMapping : Mapped "{[/route],methods=[PUT]}" onto public org.springframework.http.ResponseEntity<java.lang.String> rsoi.lab2.controllers.RouteController.add(rsoi.lab2.model.RouteInfo)
2018-11-19 14:19:47.863  INFO 2369 --- [    Test worker] s.w.s.m.m.a.RequestMappingHandlerMapping : Mapped "{[/route],methods=[DELETE]}" onto public org.springframework.http.ResponseEntity rsoi.lab2.controllers.RouteController.delete(int)
2018-11-19 14:19:47.868  INFO 2369 --- [    Test worker] s.w.s.m.m.a.RequestMappingHandlerMapping : Mapped "{[/error],produces=[text/html]}" onto public org.springframework.web.servlet.ModelAndView org.springframework.boot.autoconfigure.web.servlet.error.BasicErrorController.errorHtml(javax.servlet.http.HttpServletRequest,javax.servlet.http.HttpServletResponse)
2018-11-19 14:19:47.869  INFO 2369 --- [    Test worker] s.w.s.m.m.a.RequestMappingHandlerMapping : Mapped "{[/error]}" onto public org.springframework.http.ResponseEntity<java.util.Map<java.lang.String, java.lang.Object>> org.springframework.boot.autoconfigure.web.servlet.error.BasicErrorController.error(javax.servlet.http.HttpServletRequest)
2018-11-19 14:19:47.935  INFO 2369 --- [    Test worker] o.s.w.s.handler.SimpleUrlHandlerMapping  : Mapped URL path [/webjars/**] onto handler of type [class org.springframework.web.servlet.resource.ResourceHttpRequestHandler]
2018-11-19 14:19:47.936  INFO 2369 --- [    Test worker] o.s.w.s.handler.SimpleUrlHandlerMapping  : Mapped URL path [/**] onto handler of type [class org.springframework.web.servlet.resource.ResourceHttpRequestHandler]
2018-11-19 14:19:48.296  INFO 2369 --- [    Test worker] o.s.b.t.m.w.SpringBootMockServletContext : Initializing Spring FrameworkServlet ''
2018-11-19 14:19:48.297  INFO 2369 --- [    Test worker] o.s.t.web.servlet.TestDispatcherServlet  : FrameworkServlet '': initialization started
2018-11-19 14:19:48.330  INFO 2369 --- [    Test worker] o.s.t.web.servlet.TestDispatcherServlet  : FrameworkServlet '': initialization completed in 32 ms
2018-11-19 14:19:48.410  INFO 2369 --- [    Test worker] r.lab2.controllers.RouteControllerTest   : Started RouteControllerTest in 5.943 seconds (JVM running for 9.292)
2018-11-19 14:19:48.584  INFO 2369 --- [    Test worker] rsoi.lab2.controllers.RouteController    : Get "routes" request with params (page=1, size=5).
2018-11-19 14:19:48.903  INFO 2369 --- [    Test worker] rsoi.lab2.controllers.RouteController    : Get "routes" request with param (nmRoute=Moscow/Paris, page=1, size=5).
2018-11-19 14:19:48.929  INFO 2369 --- [    Test worker] rsoi.lab2.controllers.RouteController    : Get "ping" request.
2018-11-19 14:19:49.102  INFO 2369 --- [    Test worker] rsoi.lab2.controllers.RouteController    : Get PUT request (add) with params (routeName=null, idRoute=1).
2018-11-19 14:19:49.131  INFO 2369 --- [    Test worker] rsoi.lab2.controllers.RouteController    : Get "show" request with param (idRoute=1).
2018-11-19 14:19:49.169  INFO 2369 --- [    Test worker] rsoi.lab2.controllers.RouteController    : Get DELETE request (delete) with param (idRoute=1).
2018-11-19 14:19:49.222  INFO 2369 --- [    Test worker] rsoi.lab2.controllers.RouteController    : Get PATCH request (edit) with param (idRoute=1, nmRoute=Moscow/Paris).
]]></system-out>
  <system-err><![CDATA[]]></system-err>
</testsuite>
